#
# A fatal error has been detected by the Java Runtime Environment:
#
#  SIGSEGV (0xb) at pc=0x00007f1b2fd10918, pid=29769, tid=29801
#
# JRE version: OpenJDK Runtime Environment Temurin-17.0.8.1+1 (17.0.8.1+1) (build 17.0.8.1+1)
# Java VM: OpenJDK 64-Bit Server VM Temurin-17.0.8.1+1 (17.0.8.1+1, mixed mode, tiered, compressed oops, compressed class ptrs, g1 gc, linux-amd64)
# Problematic frame:
# V  [libjvm.so+0x44e918]  OopFlow::build_oop_map(Node*, int, PhaseRegAlloc*, int*)+0x108
#
# Core dump will be written. Default location: Core dumps may be processed with "/usr/share/apport/apport -p%p -s%s -c%c -d%d -P%P -u%u -g%g -- %E" (or dumping to /home/jry/Documents/ECSE428Git/5LeagueFantasy/5LeagueFantasyBackend/5LeagueFantasy/core.29769)
#
# If you would like to submit a bug report, please visit:
#   https://github.com/adoptium/adoptium-support/issues
#

---------------  S U M M A R Y ------------

Command Line: -Dfile.encoding=UTF-8 -Dstdout.encoding=UTF-8 -Dstderr.encoding=UTF-8 -XX:+ShowCodeDetailsInExceptionMessages com.example.LeagueFantasy.Application

Host: Intel(R) Core(TM) i5-8350U CPU @ 1.70GHz, 8 cores, 7G, Ubuntu 22.04.3 LTS
Time: Sat Feb 17 13:14:40 2024 EST elapsed time: 12.057895 seconds (0d 0h 0m 12s)

---------------  T H R E A D  ---------------

Current thread (0x00007f1adc12de10):  JavaThread "C2 CompilerThread1" daemon [_thread_in_native, id=29801, stack(0x00007f1acfcfe000,0x00007f1acfdfe000)]


Current CompileTask:
C2:  12058 3247       4       org.springframework.beans.factory.support.AbstractBeanFactory::isTypeMatch (619 bytes)

Stack: [0x00007f1acfcfe000,0x00007f1acfdfe000],  sp=0x00007f1acfdf94e0,  free space=1005k
Native frames: (J=compiled Java code, j=interpreted, Vv=VM code, C=native code)
V  [libjvm.so+0x44e918]  OopFlow::build_oop_map(Node*, int, PhaseRegAlloc*, int*)+0x108
V  [libjvm.so+0x44ef37]  OopFlow::compute_reach(PhaseRegAlloc*, int, Dict*)+0x227
V  [libjvm.so+0x44ff51]  PhaseOutput::BuildOopMaps()+0x1001
V  [libjvm.so+0xc37326]  PhaseOutput::Output()+0x646
V  [libjvm.so+0x5d113c]  Compile::Code_Gen()+0x5fc
V  [libjvm.so+0x5d6b0b]  Compile::Compile(ciEnv*, ciMethod*, int, bool, bool, bool, bool, bool, DirectiveSet*)+0x148b
V  [libjvm.so+0x5162c9]  C2Compiler::compile_method(ciEnv*, ciMethod*, int, bool, DirectiveSet*)+0xe9
V  [libjvm.so+0x5df632]  CompileBroker::invoke_compiler_on_method(CompileTask*)+0xef2
V  [libjvm.so+0x5e0448]  CompileBroker::compiler_thread_loop()+0x678
V  [libjvm.so+0xe65584]  JavaThread::thread_main_inner()+0x184
V  [libjvm.so+0xe68d40]  Thread::call_run()+0xc0
V  [libjvm.so+0xc1e681]  thread_native_entry(Thread*)+0xe1


siginfo: si_signo: 11 (SIGSEGV), si_code: 1 (SEGV_MAPERR), si_addr: 0x0000000000000000

Register to memory mapping:

RAX=0x00007f1adc3e3c18 points into unknown readable memory: 0x00007f1b289ab700 | 00 b7 9a 28 1b 7f 00 00
RBX=0x0000000000000272 is an unknown value
RCX=0x00007f1ac4a71e60 points into unknown readable memory: 0x00000000c0cd0000 | 00 00 cd c0 00 00 00 00
RDX=0x00007f1ad81d8ab0 points into unknown readable memory: 0xc121f821f021e828 | 28 e8 21 f0 21 f8 21 c1
RSP=0x00007f1acfdf94e0 is pointing into the stack for thread: 0x00007f1adc12de10
RBP=0x00007f1acfdf9560 is pointing into the stack for thread: 0x00007f1adc12de10
RSI=0x0000000000000013 is an unknown value
RDI=0x0000000000000004 is an unknown value
R8 =0x00007f1ac4a71e60 points into unknown readable memory: 0x00000000c0cd0000 | 00 00 cd c0 00 00 00 00
R9 =0x00000000ffffffff is an unallocated location in the heap
R10=0x00000000ffffffff is an unallocated location in the heap
R11=0x0000000000000016 is an unknown value
R12=0x000000000000026a is an unknown value
R13=0x00007f1adc3e4fb0 points into unknown readable memory: 0x00007f1adc3e3722 | 22 37 3e dc 1a 7f 00 00
R14=0x0 is NULL
R15=0x0000000000000272 is an unknown value


Registers:
RAX=0x00007f1adc3e3c18, RBX=0x0000000000000272, RCX=0x00007f1ac4a71e60, RDX=0x00007f1ad81d8ab0
RSP=0x00007f1acfdf94e0, RBP=0x00007f1acfdf9560, RSI=0x0000000000000013, RDI=0x0000000000000004
R8 =0x00007f1ac4a71e60, R9 =0x00000000ffffffff, R10=0x00000000ffffffff, R11=0x0000000000000016
R12=0x000000000000026a, R13=0x00007f1adc3e4fb0, R14=0x0000000000000000, R15=0x0000000000000272
RIP=0x00007f1b2fd10918, EFLAGS=0x0000000000010206, CSGSFS=0x002b000000000033, ERR=0x0000000000000004
  TRAPNO=0x000000000000000e

Top of Stack: (sp=0x00007f1acfdf94e0)
0x00007f1acfdf94e0:   00000000000004f0 00007f1ac43ff390
0x00007f1acfdf94f0:   00007f1acfdf98f0 00007f1b28cd71e8
0x00007f1acfdf9500:   00007f1b28cd71e8 0000000800000024
0x00007f1acfdf9510:   00007f1ad81d8a90 00007f1a00000272 

Instructions: (pc=0x00007f1b2fd10918)
0x00007f1b2fd10818:   41 55 49 89 fd bf 10 00 00 00 41 54 41 89 d4 53
0x00007f1b2fd10828:   48 83 ec 58 48 8b 41 58 44 8b 71 50 48 89 75 98
0x00007f1b2fd10838:   48 8d 15 99 f7 e9 00 31 f6 48 89 4d 90 8b 80 68
0x00007f1b2fd10848:   0c 00 00 4c 89 45 c8 2b 02 44 89 75 a8 89 45 ac
0x00007f1b2fd10858:   89 c3 e8 91 e9 86 00 48 89 45 b0 48 85 c0 74 0d
0x00007f1b2fd10868:   89 da 44 89 f6 48 89 c7 e8 eb ab 7b 00 48 8b 7d
0x00007f1b2fd10878:   98 8b 47 2c 89 45 c0 83 e0 1f 83 f8 1e b8 00 00
0x00007f1b2fd10888:   00 00 48 0f 44 c7 45 31 ff 48 89 45 a0 48 8b 07
0x00007f1b2fd10898:   ff 90 88 00 00 00 48 89 45 88 49 63 c4 48 89 45
0x00007f1b2fd108a8:   c0 45 85 e4 0f 8e 04 01 00 00 66 0f 1f 44 00 00
0x00007f1b2fd108b8:   44 89 f9 44 89 fe b8 01 00 00 00 44 89 fb c1 fe
0x00007f1b2fd108c8:   05 d3 e0 48 8b 4d c8 48 63 f6 23 04 b1 0f 84 cd
0x00007f1b2fd108d8:   00 00 00 48 8d 05 f6 f6 e9 00 44 89 7d b8 4c 8b
0x00007f1b2fd108e8:   20 45 39 fc 0f 8f 6e 01 00 00 44 89 f8 44 29 e0
0x00007f1b2fd108f8:   39 45 ac 0f 8e 2f 02 00 00 03 45 a8 48 98 49 01
0x00007f1b2fd10908:   c4 0f 1f 80 00 00 00 00 49 8b 45 08 4e 8b 34 f8
0x00007f1b2fd10918:   49 8b 06 4c 89 f7 ff 50 28 48 89 c6 48 63 40 10
0x00007f1b2fd10928:   48 89 c7 48 c1 e0 05 48 03 05 3a c3 e6 00 80 78
0x00007f1b2fd10938:   10 00 0f 84 90 00 00 00 83 e3 01 75 63 49 f7 c4
0x00007f1b2fd10948:   00 c0 ff ff 0f 85 7e 01 00 00 8b 46 24 85 c0 0f
0x00007f1b2fd10958:   85 e3 01 00 00 48 8b 5d a0 48 85 db 0f 84 a6 01
0x00007f1b2fd10968:   00 00 48 8b 43 78 48 8b 40 18 8b 50 14 83 fa 05
0x00007f1b2fd10978:   0f 86 92 01 00 00 48 8b 73 08 83 ea 06 48 8d 46
0x00007f1b2fd10988:   28 48 8d 54 d6 30 eb 0d 48 83 c0 08 48 39 c2 0f
0x00007f1b2fd10998:   84 73 01 00 00 4c 3b 30 75 ee 66 0f 1f 44 00 00
0x00007f1b2fd109a8:   49 83 c7 01 4c 39 7d c0 0f 85 02 ff ff ff 48 8b
0x00007f1b2fd109b8:   45 b0 48 83 c4 58 5b 41 5c 41 5d 41 5e 41 5f 5d
0x00007f1b2fd109c8:   c3 0f 1f 80 00 00 00 00 83 ff 06 0f 85 97 00 00
0x00007f1b2fd109d8:   00 48 85 f6 0f 84 8e 00 00 00 49 f7 c4 00 c0 ff
0x00007f1b2fd109e8:   ff 0f 85 e1 00 00 00 48 8b 5d a0 48 85 db 74 40
0x00007f1b2fd109f8:   48 8b 43 78 48 8b 40 18 8b 50 14 83 fa 05 76 30
0x00007f1b2fd10a08:   48 8b 73 08 83 ea 06 48 8d 46 28 48 8d 54 d6 30 


Stack slot to memory mapping:
stack at sp + 0 slots: 0x00000000000004f0 is an unknown value
stack at sp + 1 slots: 0x00007f1ac43ff390 points into unknown readable memory: 0x00007f1ac43ff3d0 | d0 f3 3f c4 1a 7f 00 00
stack at sp + 2 slots: 0x00007f1acfdf98f0 is pointing into the stack for thread: 0x00007f1adc12de10
stack at sp + 3 slots: 0x00007f1b28cd71e8 points into unknown readable memory: 0x00007f1b30b22228 | 28 22 b2 30 1b 7f 00 00
stack at sp + 4 slots: 0x00007f1b28cd71e8 points into unknown readable memory: 0x00007f1b30b22228 | 28 22 b2 30 1b 7f 00 00
stack at sp + 5 slots: 0x0000000800000024 is an unknown value
stack at sp + 6 slots: 0x00007f1ad81d8a90 points into unknown readable memory: 0x00000008c407ca60 | 60 ca 07 c4 08 00 00 00
stack at sp + 7 slots: 0x00007f1a00000272 is an unknown value


---------------  P R O C E S S  ---------------

Threads class SMR info:
_java_thread_list=0x00007f1b28ef2830, length=15, elements={
0x00007f1b28028c30, 0x00007f1b2819c1f0, 0x00007f1b2819d850, 0x00007f1b281c2d80,
0x00007f1b281c4140, 0x00007f1b281c5560, 0x00007f1b281c6bf0, 0x00007f1b281c80e0,
0x00007f1b281c9580, 0x00007f1b28262f60, 0x00007f1b2826a950, 0x00007f1adc12de10,
0x00007f1b28ef0af0, 0x00007f1aa821eac0, 0x00007f1b28ef1ec0
}

Java Threads: ( => current thread )
  0x00007f1b28028c30 JavaThread "main" [_thread_in_vm, id=29774, stack(0x00007f1b2f6d6000,0x00007f1b2f7d6000)]
  0x00007f1b2819c1f0 JavaThread "Reference Handler" daemon [_thread_blocked, id=29788, stack(0x00007f1b10e35000,0x00007f1b10f35000)]
  0x00007f1b2819d850 JavaThread "Finalizer" daemon [_thread_blocked, id=29789, stack(0x00007f1b10d35000,0x00007f1b10e35000)]
  0x00007f1b281c2d80 JavaThread "Signal Dispatcher" daemon [_thread_blocked, id=29790, stack(0x00007f1b106c2000,0x00007f1b107c2000)]
  0x00007f1b281c4140 JavaThread "Service Thread" daemon [_thread_blocked, id=29791, stack(0x00007f1b105c2000,0x00007f1b106c2000)]
  0x00007f1b281c5560 JavaThread "Monitor Deflation Thread" daemon [_thread_blocked, id=29792, stack(0x00007f1b104c2000,0x00007f1b105c2000)]
  0x00007f1b281c6bf0 JavaThread "C2 CompilerThread0" daemon [_thread_in_native, id=29793, stack(0x00007f1b103c2000,0x00007f1b104c2000)]
  0x00007f1b281c80e0 JavaThread "C1 CompilerThread0" daemon [_thread_in_native, id=29794, stack(0x00007f1b102c2000,0x00007f1b103c2000)]
  0x00007f1b281c9580 JavaThread "Sweeper thread" daemon [_thread_blocked, id=29795, stack(0x00007f1b101c2000,0x00007f1b102c2000)]
  0x00007f1b28262f60 JavaThread "Notification Thread" daemon [_thread_blocked, id=29796, stack(0x00007f1b100c2000,0x00007f1b101c2000)]
  0x00007f1b2826a950 JavaThread "Common-Cleaner" daemon [_thread_blocked, id=29798, stack(0x00007f1acfdfe000,0x00007f1acfefe000)]
=>0x00007f1adc12de10 JavaThread "C2 CompilerThread1" daemon [_thread_in_native, id=29801, stack(0x00007f1acfcfe000,0x00007f1acfdfe000)]
  0x00007f1b28ef0af0 JavaThread "Catalina-utility-1" [_thread_blocked, id=29826, stack(0x00007f1acf7f6000,0x00007f1acf8f6000)]
  0x00007f1aa821eac0 JavaThread "Catalina-utility-2" [_thread_blocked, id=29827, stack(0x00007f1acf2ee000,0x00007f1acf3ee000)]
  0x00007f1b28ef1ec0 JavaThread "container-0" [_thread_blocked, id=29828, stack(0x00007f1acef57000,0x00007f1acf057000)]

Other Threads:
  0x00007f1b2818c4c0 VMThread "VM Thread" [stack: 0x00007f1b10f37000,0x00007f1b11037000] [id=29787]
  0x00007f1b281eedd0 WatcherThread [stack: 0x00007f1acff00000,0x00007f1ad0000000] [id=29797]
  0x00007f1b28082340 GCTaskThread "GC Thread#0" [stack: 0x00007f1b13d66000,0x00007f1b13e66000] [id=29775]
  0x00007f1af0005ed0 GCTaskThread "GC Thread#1" [stack: 0x00007f1acfbfe000,0x00007f1acfcfe000] [id=29803]
  0x00007f1af000c650 GCTaskThread "GC Thread#2" [stack: 0x00007f1acfafc000,0x00007f1acfbfc000] [id=29804]
  0x00007f1af000d040 GCTaskThread "GC Thread#3" [stack: 0x00007f1acf9fa000,0x00007f1acfafa000] [id=29805]
  0x00007f1af000da90 GCTaskThread "GC Thread#4" [stack: 0x00007f1acf8f8000,0x00007f1acf9f8000] [id=29806]
  0x00007f1af000c170 GCTaskThread "GC Thread#5" [stack: 0x00007f1acf6f6000,0x00007f1acf7f6000] [id=29809]
  0x00007f1af000f410 GCTaskThread "GC Thread#6" [stack: 0x00007f1acf5f4000,0x00007f1acf6f4000] [id=29810]
  0x00007f1af0010230 GCTaskThread "GC Thread#7" [stack: 0x00007f1acf4f2000,0x00007f1acf5f2000] [id=29811]
  0x00007f1b28092940 ConcurrentGCThread "G1 Main Marker" [stack: 0x00007f1b13c64000,0x00007f1b13d64000] [id=29776]
  0x00007f1b280938b0 ConcurrentGCThread "G1 Conc#0" [stack: 0x00007f1b13b62000,0x00007f1b13c62000] [id=29777]
  0x00007f1b04000eb0 ConcurrentGCThread "G1 Conc#1" [stack: 0x00007f1acf3f0000,0x00007f1acf4f0000] [id=29812]
  0x00007f1b281067c0 ConcurrentGCThread "G1 Refine#0" [stack: 0x00007f1b11258000,0x00007f1b11358000] [id=29779]
  0x00007f1b281076b0 ConcurrentGCThread "G1 Service" [stack: 0x00007f1b11156000,0x00007f1b11256000] [id=29780]

Threads with active compile tasks:
C2 CompilerThread0    12084 3595       4       org.springframework.boot.context.properties.source.ConfigurationPropertyName$ElementsParser::parse (234 bytes)
C1 CompilerThread0    12084 3604   !   2       jdk.internal.misc.ScopedMemoryAccess::getIntUnaligned (22 bytes)
C2 CompilerThread1    12084 3247       4       org.springframework.beans.factory.support.AbstractBeanFactory::isTypeMatch (619 bytes)

VM state: not at safepoint (normal execution)

VM Mutex/Monitor currently owned by a thread:  ([mutex/lock_event])
[0x00007f1b28024f20] CompiledMethod_lock - owner thread: 0x00007f1b281c80e0
[0x00007f1b28026d00] Compile_lock - owner thread: 0x00007f1b281c80e0
[0x00007f1b28026f10] MethodCompileQueue_lock - owner thread: 0x0000000000000000

Heap address: 0x0000000088000000, size: 1920 MB, Compressed Oops mode: 32-bit

CDS archive(s) not mapped
Compressed class space mapped at: 0x0000000100000000-0x0000000140000000, reserved size: 1073741824
Narrow klass base: 0x0000000000000000, Narrow klass shift: 3, Narrow klass range: 0x140000000

GC Precious Log:
 CPUs: 8 total, 8 available
 Memory: 7679M
 Large Page Support: Disabled
 NUMA Support: Disabled
 Compressed Oops: Enabled (32-bit)
 Heap Region Size: 1M
 Heap Min Capacity: 8M
 Heap Initial Capacity: 120M
 Heap Max Capacity: 1920M
 Pre-touch: Disabled
 Parallel Workers: 8
 Concurrent Workers: 2
 Concurrent Refinement Workers: 8
 Periodic GC: Disabled

Heap:
 garbage-first heap   total 47104K, used 23306K [0x0000000088000000, 0x0000000100000000)
  region size 1024K, 9 young (9216K), 1 survivors (1024K)
 Metaspace       used 37130K, committed 37568K, reserved 1114112K
  class space    used 4411K, committed 4672K, reserved 1048576K

Heap Regions: E=young(eden), S=young(survivor), O=old, HS=humongous(starts), HC=humongous(continues), CS=collection set, F=free, OA=open archive, CA=closed archive, TAMS=top-at-mark-start (previous, next)
|   0|0x0000000088000000, 0x0000000088100000, 0x0000000088100000|100%|HS|  |TAMS 0x0000000088100000, 0x0000000088000000| Complete 
|   1|0x0000000088100000, 0x0000000088200000, 0x0000000088200000|100%| O|  |TAMS 0x0000000088200000, 0x0000000088100000| Untracked 
|   2|0x0000000088200000, 0x0000000088300000, 0x0000000088300000|100%| O|  |TAMS 0x0000000088300000, 0x0000000088200000| Untracked 
|   3|0x0000000088300000, 0x0000000088400000, 0x0000000088400000|100%| O|  |TAMS 0x0000000088400000, 0x0000000088300000| Untracked 
|   4|0x0000000088400000, 0x0000000088500000, 0x0000000088500000|100%| O|  |TAMS 0x0000000088500000, 0x0000000088400000| Untracked 
|   5|0x0000000088500000, 0x0000000088600000, 0x0000000088600000|100%| O|  |TAMS 0x0000000088600000, 0x0000000088500000| Untracked 
|   6|0x0000000088600000, 0x0000000088700000, 0x0000000088700000|100%| O|  |TAMS 0x0000000088700000, 0x0000000088600000| Untracked 
|   7|0x0000000088700000, 0x0000000088800000, 0x0000000088800000|100%| O|  |TAMS 0x0000000088800000, 0x0000000088700000| Untracked 
|   8|0x0000000088800000, 0x0000000088900000, 0x0000000088900000|100%| O|  |TAMS 0x0000000088900000, 0x0000000088800000| Untracked 
|   9|0x0000000088900000, 0x0000000088a00000, 0x0000000088a00000|100%| O|  |TAMS 0x0000000088a00000, 0x0000000088900000| Untracked 
|  10|0x0000000088a00000, 0x0000000088b00000, 0x0000000088b00000|100%| O|  |TAMS 0x0000000088b00000, 0x0000000088a00000| Untracked 
|  11|0x0000000088b00000, 0x0000000088c00000, 0x0000000088c00000|100%| O|  |TAMS 0x0000000088c00000, 0x0000000088b00000| Untracked 
|  12|0x0000000088c00000, 0x0000000088d00000, 0x0000000088d00000|100%| O|  |TAMS 0x0000000088cede00, 0x0000000088c00000| Untracked 
|  13|0x0000000088d00000, 0x0000000088e00000, 0x0000000088e00000|100%| O|  |TAMS 0x0000000088d00000, 0x0000000088d00000| Untracked 
|  14|0x0000000088e00000, 0x0000000088f00000, 0x0000000088f00000|100%| O|  |TAMS 0x0000000088e00000, 0x0000000088e00000| Untracked 
|  15|0x0000000088f00000, 0x0000000088ff7600, 0x0000000089000000| 96%| O|  |TAMS 0x0000000088f00000, 0x0000000088f00000| Untracked 
|  16|0x0000000089000000, 0x0000000089000000, 0x0000000089100000|  0%| F|  |TAMS 0x0000000089000000, 0x0000000089000000| Untracked 
|  17|0x0000000089100000, 0x0000000089100000, 0x0000000089200000|  0%| F|  |TAMS 0x0000000089100000, 0x0000000089100000| Untracked 
|  18|0x0000000089200000, 0x0000000089200000, 0x0000000089300000|  0%| F|  |TAMS 0x0000000089200000, 0x0000000089200000| Untracked 
|  19|0x0000000089300000, 0x0000000089300000, 0x0000000089400000|  0%| F|  |TAMS 0x0000000089300000, 0x0000000089300000| Untracked 
|  20|0x0000000089400000, 0x0000000089400000, 0x0000000089500000|  0%| F|  |TAMS 0x0000000089400000, 0x0000000089400000| Untracked 
|  21|0x0000000089500000, 0x0000000089500000, 0x0000000089600000|  0%| F|  |TAMS 0x0000000089500000, 0x0000000089500000| Untracked 
|  22|0x0000000089600000, 0x0000000089600000, 0x0000000089700000|  0%| F|  |TAMS 0x0000000089600000, 0x0000000089600000| Untracked 
|  23|0x0000000089700000, 0x0000000089700000, 0x0000000089800000|  0%| F|  |TAMS 0x0000000089700000, 0x0000000089700000| Untracked 
|  24|0x0000000089800000, 0x0000000089800000, 0x0000000089900000|  0%| F|  |TAMS 0x0000000089800000, 0x0000000089800000| Untracked 
|  25|0x0000000089900000, 0x0000000089900000, 0x0000000089a00000|  0%| F|  |TAMS 0x0000000089900000, 0x0000000089900000| Untracked 
|  26|0x0000000089a00000, 0x0000000089a00000, 0x0000000089b00000|  0%| F|  |TAMS 0x0000000089a00000, 0x0000000089a00000| Untracked 
|  27|0x0000000089b00000, 0x0000000089b00000, 0x0000000089c00000|  0%| F|  |TAMS 0x0000000089b00000, 0x0000000089b00000| Untracked 
|  28|0x0000000089c00000, 0x0000000089c00000, 0x0000000089d00000|  0%| F|  |TAMS 0x0000000089c00000, 0x0000000089c00000| Untracked 
|  29|0x0000000089d00000, 0x0000000089d00000, 0x0000000089e00000|  0%| F|  |TAMS 0x0000000089d00000, 0x0000000089d00000| Untracked 
|  30|0x0000000089e00000, 0x0000000089e00000, 0x0000000089f00000|  0%| F|  |TAMS 0x0000000089e00000, 0x0000000089e00000| Untracked 
|  31|0x0000000089f00000, 0x0000000089f00000, 0x000000008a000000|  0%| F|  |TAMS 0x0000000089f00000, 0x0000000089f00000| Untracked 
|  32|0x000000008a000000, 0x000000008a000000, 0x000000008a100000|  0%| F|  |TAMS 0x000000008a000000, 0x000000008a000000| Untracked 
|  33|0x000000008a100000, 0x000000008a100000, 0x000000008a200000|  0%| F|  |TAMS 0x000000008a100000, 0x000000008a100000| Untracked 
|  34|0x000000008a200000, 0x000000008a200000, 0x000000008a300000|  0%| F|  |TAMS 0x000000008a200000, 0x000000008a200000| Untracked 
|  35|0x000000008a300000, 0x000000008a300000, 0x000000008a400000|  0%| F|  |TAMS 0x000000008a300000, 0x000000008a300000| Untracked 
|  36|0x000000008a400000, 0x000000008a400000, 0x000000008a500000|  0%| F|  |TAMS 0x000000008a400000, 0x000000008a400000| Untracked 
|  37|0x000000008a500000, 0x000000008a5ab690, 0x000000008a600000| 66%| E|  |TAMS 0x000000008a500000, 0x000000008a500000| Complete 
|  38|0x000000008a600000, 0x000000008a700000, 0x000000008a700000|100%| E|CS|TAMS 0x000000008a600000, 0x000000008a600000| Complete 
|  39|0x000000008a700000, 0x000000008a800000, 0x000000008a800000|100%| E|CS|TAMS 0x000000008a700000, 0x000000008a700000| Complete 
|  40|0x000000008a800000, 0x000000008a900000, 0x000000008a900000|100%| E|CS|TAMS 0x000000008a800000, 0x000000008a800000| Complete 
|  41|0x000000008a900000, 0x000000008a9cb5c8, 0x000000008aa00000| 79%| S|CS|TAMS 0x000000008a900000, 0x000000008a900000| Complete 
|  42|0x000000008aa00000, 0x000000008ab00000, 0x000000008ab00000|100%| E|CS|TAMS 0x000000008aa00000, 0x000000008aa00000| Complete 
|  91|0x000000008db00000, 0x000000008dc00000, 0x000000008dc00000|100%| E|  |TAMS 0x000000008db00000, 0x000000008db00000| Complete 
|  92|0x000000008dc00000, 0x000000008dd00000, 0x000000008dd00000|100%| E|CS|TAMS 0x000000008dc00000, 0x000000008dc00000| Complete 
| 119|0x000000008f700000, 0x000000008f800000, 0x000000008f800000|100%| E|CS|TAMS 0x000000008f700000, 0x000000008f700000| Complete 

Card table byte_map: [0x00007f1b17ea2000,0x00007f1b18262000] _byte_map_base: 0x00007f1b17a62000

Marking Bits (Prev, Next): (CMBitMap*) 0x00007f1b28082dc0, (CMBitMap*) 0x00007f1b28082e00
 Prev Bits: [0x00007f1b15ce2000, 0x00007f1b17ae2000)
 Next Bits: [0x00007f1b13ee2000, 0x00007f1b15ce2000)

Polling page: 0x00007f1b30e8f000

Metaspace:

Usage:
  Non-class:     31.97 MB used.
      Class:      4.31 MB used.
       Both:     36.27 MB used.

Virtual space:
  Non-class space:       64.00 MB reserved,      32.19 MB ( 50%) committed,  1 nodes.
      Class space:        1.00 GB reserved,       4.56 MB ( <1%) committed,  1 nodes.
             Both:        1.06 GB reserved,      36.75 MB (  3%) committed. 

Chunk freelists:
   Non-Class:  15.86 MB
       Class:  11.42 MB
        Both:  27.28 MB

MaxMetaspaceSize: unlimited
CompressedClassSpaceSize: 1.00 GB
Initial GC threshold: 21.00 MB
Current GC threshold: 58.88 MB
CDS: off
MetaspaceReclaimPolicy: balanced
 - commit_granule_bytes: 65536.
 - commit_granule_words: 8192.
 - virtual_space_node_default_size: 8388608.
 - enlarge_chunks_in_place: 1.
 - new_chunks_are_fully_committed: 0.
 - uncommit_free_chunks: 1.
 - use_allocation_guard: 0.
 - handle_deallocations: 1.


Internal statistics:

num_allocs_failed_limit: 6.
num_arena_births: 536.
num_arena_deaths: 0.
num_vsnodes_births: 2.
num_vsnodes_deaths: 0.
num_space_committed: 588.
num_space_uncommitted: 0.
num_chunks_returned_to_freelist: 6.
num_chunks_taken_from_freelist: 1590.
num_chunk_merges: 3.
num_chunk_splits: 1047.
num_chunks_enlarged: 756.
num_inconsistent_stats: 0.

CodeHeap 'non-profiled nmethods': size=120028Kb used=1544Kb max_used=1544Kb free=118483Kb
 bounds [0x00007f1b20ac9000, 0x00007f1b20d39000, 0x00007f1b28000000]
CodeHeap 'profiled nmethods': size=120028Kb used=7344Kb max_used=7344Kb free=112683Kb
 bounds [0x00007f1b19000000, 0x00007f1b19730000, 0x00007f1b20537000]
CodeHeap 'non-nmethods': size=5704Kb used=1265Kb max_used=1345Kb free=4438Kb
 bounds [0x00007f1b20537000, 0x00007f1b207a7000, 0x00007f1b20ac9000]
 total_blobs=4084 nmethods=3562 adapters=432
 compilation: enabled
              stopped_count=0, restarted_count=0
 full_count=0

Compilation events (20 events):
Event: 10.773 Thread 0x00007f1b281c80e0 3493       2       java.lang.invoke.InvokerBytecodeGenerator::addMethod (725 bytes)
Event: 10.781 Thread 0x00007f1b281c80e0 nmethod 3493 0x00007f1b19705690 code [0x00007f1b19705a60, 0x00007f1b197066d0]
Event: 10.789 Thread 0x00007f1b281c80e0 3498       2       java.lang.invoke.LambdaForm$Name::withConstraint (20 bytes)
Event: 10.790 Thread 0x00007f1b281c80e0 nmethod 3498 0x00007f1b19706f90 code [0x00007f1b19707140, 0x00007f1b19707300]
Event: 10.834 Thread 0x00007f1b281c80e0 3499       2       sun.nio.cs.UTF_8$Decoder::decodeLoop (28 bytes)
Event: 10.835 Thread 0x00007f1b281c80e0 nmethod 3499 0x00007f1b19707410 code [0x00007f1b197075c0, 0x00007f1b19707790]
Event: 10.836 Thread 0x00007f1b281c80e0 3500       2       sun.nio.cs.UTF_8$Decoder::decodeArrayLoop (688 bytes)
Event: 10.848 Thread 0x00007f1b281c80e0 nmethod 3500 0x00007f1b19707890 code [0x00007f1b19707e00, 0x00007f1b197096d0]
Event: 10.848 Thread 0x00007f1b281c80e0 3501       2       sun.nio.cs.UTF_8$Decoder::xflow (31 bytes)
Event: 10.849 Thread 0x00007f1b281c80e0 nmethod 3501 0x00007f1b1970a610 code [0x00007f1b1970a7e0, 0x00007f1b1970a9f0]
Event: 10.849 Thread 0x00007f1b281c80e0 3502       1       java.util.logging.Level::intValue (5 bytes)
Event: 10.850 Thread 0x00007f1b281c80e0 nmethod 3502 0x00007f1b20c30990 code [0x00007f1b20c30b20, 0x00007f1b20c30bf0]
Event: 10.869 Thread 0x00007f1b281c80e0 3503   !   2       java.net.URL::<init> (543 bytes)
Event: 10.885 Thread 0x00007f1b281c80e0 nmethod 3503 0x00007f1b1970ab10 code [0x00007f1b1970af20, 0x00007f1b1970c5e0]
Event: 10.886 Thread 0x00007f1b281c80e0 3505       2       jdk.internal.org.objectweb.asm.AnnotationWriter::putAnnotations (110 bytes)
Event: 10.887 Thread 0x00007f1b281c80e0 nmethod 3505 0x00007f1b1970de90 code [0x00007f1b1970e080, 0x00007f1b1970e380]
Event: 10.887 Thread 0x00007f1b281c80e0 3507       2       java.lang.invoke.LambdaFormBuffer::growNames (281 bytes)
Event: 10.892 Thread 0x00007f1b281c80e0 nmethod 3507 0x00007f1b1970e610 code [0x00007f1b1970e840, 0x00007f1b1970efb0]
Event: 10.892 Thread 0x00007f1b281c80e0 3506   !   2       java.lang.invoke.BoundMethodHandle$Species_L::copyWithExtendL (31 bytes)
Event: 10.894 Thread 0x00007f1b281c80e0 nmethod 3506 0x00007f1b1970f390 code [0x00007f1b1970f580, 0x00007f1b1970f960]

GC Heap History (18 events):
Event: 3.470 GC heap before
{Heap before GC invocations=0 (full 0):
 garbage-first heap   total 122880K, used 23552K [0x0000000088000000, 0x0000000100000000)
  region size 1024K, 23 young (23552K), 0 survivors (0K)
 Metaspace       used 14316K, committed 14528K, reserved 1114112K
  class space    used 1475K, committed 1600K, reserved 1048576K
}
Event: 3.497 GC heap after
{Heap after GC invocations=1 (full 0):
 garbage-first heap   total 122880K, used 6888K [0x0000000088000000, 0x0000000100000000)
  region size 1024K, 3 young (3072K), 3 survivors (3072K)
 Metaspace       used 14316K, committed 14528K, reserved 1114112K
  class space    used 1475K, committed 1600K, reserved 1048576K
}
Event: 4.810 GC heap before
{Heap before GC invocations=1 (full 0):
 garbage-first heap   total 122880K, used 29416K [0x0000000088000000, 0x0000000100000000)
  region size 1024K, 27 young (27648K), 3 survivors (3072K)
 Metaspace       used 21292K, committed 21504K, reserved 1114112K
  class space    used 2298K, committed 2432K, reserved 1048576K
}
Event: 4.831 GC heap after
{Heap after GC invocations=2 (full 0):
 garbage-first heap   total 122880K, used 8972K [0x0000000088000000, 0x0000000100000000)
  region size 1024K, 2 young (2048K), 2 survivors (2048K)
 Metaspace       used 21292K, committed 21504K, reserved 1114112K
  class space    used 2298K, committed 2432K, reserved 1048576K
}
Event: 5.504 GC heap before
{Heap before GC invocations=3 (full 0):
 garbage-first heap   total 34816K, used 26380K [0x0000000088000000, 0x0000000100000000)
  region size 1024K, 20 young (20480K), 2 survivors (2048K)
 Metaspace       used 25316K, committed 25536K, reserved 1114112K
  class space    used 2828K, committed 2944K, reserved 1048576K
}
Event: 5.520 GC heap after
{Heap after GC invocations=4 (full 0):
 garbage-first heap   total 34816K, used 10618K [0x0000000088000000, 0x0000000100000000)
  region size 1024K, 2 young (2048K), 2 survivors (2048K)
 Metaspace       used 25316K, committed 25536K, reserved 1114112K
  class space    used 2828K, committed 2944K, reserved 1048576K
}
Event: 5.629 GC heap before
{Heap before GC invocations=4 (full 0):
 garbage-first heap   total 34816K, used 11642K [0x0000000088000000, 0x0000000100000000)
  region size 1024K, 3 young (3072K), 2 survivors (2048K)
 Metaspace       used 25531K, committed 25792K, reserved 1114112K
  class space    used 2856K, committed 2944K, reserved 1048576K
}
Event: 5.640 GC heap after
{Heap after GC invocations=5 (full 0):
 garbage-first heap   total 34816K, used 11132K [0x0000000088000000, 0x0000000100000000)
  region size 1024K, 1 young (1024K), 1 survivors (1024K)
 Metaspace       used 25531K, committed 25792K, reserved 1114112K
  class space    used 2856K, committed 2944K, reserved 1048576K
}
Event: 6.596 GC heap before
{Heap before GC invocations=5 (full 0):
 garbage-first heap   total 34816K, used 23420K [0x0000000088000000, 0x0000000100000000)
  region size 1024K, 14 young (14336K), 1 survivors (1024K)
 Metaspace       used 26837K, committed 27072K, reserved 1114112K
  class space    used 3008K, committed 3072K, reserved 1048576K
}
Event: 6.607 GC heap after
{Heap after GC invocations=6 (full 0):
 garbage-first heap   total 34816K, used 12437K [0x0000000088000000, 0x0000000100000000)
  region size 1024K, 2 young (2048K), 2 survivors (2048K)
 Metaspace       used 26837K, committed 27072K, reserved 1114112K
  class space    used 3008K, committed 3072K, reserved 1048576K
}
Event: 7.699 GC heap before
{Heap before GC invocations=6 (full 0):
 garbage-first heap   total 34816K, used 24725K [0x0000000088000000, 0x0000000100000000)
  region size 1024K, 14 young (14336K), 2 survivors (2048K)
 Metaspace       used 28745K, committed 28992K, reserved 1114112K
  class space    used 3249K, committed 3392K, reserved 1048576K
}
Event: 7.714 GC heap after
{Heap after GC invocations=7 (full 0):
 garbage-first heap   total 34816K, used 13427K [0x0000000088000000, 0x0000000100000000)
  region size 1024K, 1 young (1024K), 1 survivors (1024K)
 Metaspace       used 28745K, committed 28992K, reserved 1114112K
  class space    used 3249K, committed 3392K, reserved 1048576K
}
Event: 8.775 GC heap before
{Heap before GC invocations=7 (full 0):
 garbage-first heap   total 34816K, used 25715K [0x0000000088000000, 0x0000000100000000)
  region size 1024K, 13 young (13312K), 1 survivors (1024K)
 Metaspace       used 30891K, committed 31296K, reserved 1114112K
  class space    used 3574K, committed 3776K, reserved 1048576K
}
Event: 8.790 GC heap after
{Heap after GC invocations=8 (full 0):
 garbage-first heap   total 47104K, used 14385K [0x0000000088000000, 0x0000000100000000)
  region size 1024K, 2 young (2048K), 2 survivors (2048K)
 Metaspace       used 30891K, committed 31296K, reserved 1114112K
  class space    used 3574K, committed 3776K, reserved 1048576K
}
Event: 10.442 GC heap before
{Heap before GC invocations=8 (full 0):
 garbage-first heap   total 47104K, used 33841K [0x0000000088000000, 0x0000000100000000)
  region size 1024K, 21 young (21504K), 2 survivors (2048K)
 Metaspace       used 34606K, committed 34944K, reserved 1114112K
  class space    used 4113K, committed 4288K, reserved 1048576K
}
Event: 10.469 GC heap after
{Heap after GC invocations=9 (full 0):
 garbage-first heap   total 47104K, used 16311K [0x0000000088000000, 0x0000000100000000)
  region size 1024K, 3 young (3072K), 3 survivors (3072K)
 Metaspace       used 34606K, committed 34944K, reserved 1114112K
  class space    used 4113K, committed 4288K, reserved 1048576K
}
Event: 10.731 GC heap before
{Heap before GC invocations=9 (full 0):
 garbage-first heap   total 47104K, used 19383K [0x0000000088000000, 0x0000000100000000)
  region size 1024K, 7 young (7168K), 3 survivors (3072K)
 Metaspace       used 35584K, committed 35968K, reserved 1114112K
  class space    used 4208K, committed 4416K, reserved 1048576K
}
Event: 10.759 GC heap after
{Heap after GC invocations=10 (full 0):
 garbage-first heap   total 47104K, used 17162K [0x0000000088000000, 0x0000000100000000)
  region size 1024K, 1 young (1024K), 1 survivors (1024K)
 Metaspace       used 35584K, committed 35968K, reserved 1114112K
  class space    used 4208K, committed 4416K, reserved 1048576K
}

Dll operation events (6 events):
Event: 0.039 Loaded shared library /snap/eclipse/73/plugins/org.eclipse.justj.openjdk.hotspot.jre.full.linux.x86_64_17.0.8.v20230831-1047/jre/lib/libjava.so
Event: 0.855 Loaded shared library /snap/eclipse/73/plugins/org.eclipse.justj.openjdk.hotspot.jre.full.linux.x86_64_17.0.8.v20230831-1047/jre/lib/libnio.so
Event: 0.965 Loaded shared library /snap/eclipse/73/plugins/org.eclipse.justj.openjdk.hotspot.jre.full.linux.x86_64_17.0.8.v20230831-1047/jre/lib/libzip.so
Event: 1.644 Loaded shared library /snap/eclipse/73/plugins/org.eclipse.justj.openjdk.hotspot.jre.full.linux.x86_64_17.0.8.v20230831-1047/jre/lib/libjimage.so
Event: 1.787 Loaded shared library /snap/eclipse/73/plugins/org.eclipse.justj.openjdk.hotspot.jre.full.linux.x86_64_17.0.8.v20230831-1047/jre/lib/libnet.so
Event: 10.905 Loaded shared library /snap/eclipse/73/plugins/org.eclipse.justj.openjdk.hotspot.jre.full.linux.x86_64_17.0.8.v20230831-1047/jre/lib/libmanagement.so

Deoptimization events (20 events):
Event: 10.518 Thread 0x00007f1b28028c30 DEOPT PACKING pc=0x00007f1b196efb92 sp=0x00007f1b2f7d3790
Event: 10.519 Thread 0x00007f1b28028c30 DEOPT UNPACKING pc=0x00007f1b2058de2f sp=0x00007f1b2f7d2cc0 mode 0
Event: 10.553 Thread 0x00007f1b28028c30 DEOPT PACKING pc=0x00007f1b19348641 sp=0x00007f1b2f7d32c0
Event: 10.553 Thread 0x00007f1b28028c30 DEOPT UNPACKING pc=0x00007f1b2058de2f sp=0x00007f1b2f7d27d0 mode 0
Event: 10.553 Thread 0x00007f1b28028c30 DEOPT PACKING pc=0x00007f1b19166fa6 sp=0x00007f1b2f7d32f0
Event: 10.554 Thread 0x00007f1b28028c30 DEOPT UNPACKING pc=0x00007f1b2058de2f sp=0x00007f1b2f7d27d8 mode 0
Event: 10.619 Thread 0x00007f1b28028c30 DEOPT PACKING pc=0x00007f1b19348641 sp=0x00007f1b2f7d3510
Event: 10.619 Thread 0x00007f1b28028c30 DEOPT UNPACKING pc=0x00007f1b2058de2f sp=0x00007f1b2f7d2a20 mode 0
Event: 10.619 Thread 0x00007f1b28028c30 DEOPT PACKING pc=0x00007f1b196efb71 sp=0x00007f1b2f7d32d0
Event: 10.620 Thread 0x00007f1b28028c30 DEOPT UNPACKING pc=0x00007f1b2058de2f sp=0x00007f1b2f7d2800 mode 0
Event: 10.620 Thread 0x00007f1b28028c30 DEOPT PACKING pc=0x00007f1b19166fa6 sp=0x00007f1b2f7d3540
Event: 10.620 Thread 0x00007f1b28028c30 DEOPT UNPACKING pc=0x00007f1b2058de2f sp=0x00007f1b2f7d2a28 mode 0
Event: 10.681 Thread 0x00007f1b28028c30 DEOPT PACKING pc=0x00007f1b19348641 sp=0x00007f1b2f7d3260
Event: 10.681 Thread 0x00007f1b28028c30 DEOPT UNPACKING pc=0x00007f1b2058de2f sp=0x00007f1b2f7d2770 mode 0
Event: 10.834 Thread 0x00007f1b28028c30 DEOPT PACKING pc=0x00007f1b19370919 sp=0x00007f1b2f7d2940
Event: 10.834 Thread 0x00007f1b28028c30 DEOPT UNPACKING pc=0x00007f1b2058de2f sp=0x00007f1b2f7d1e18 mode 0
Event: 10.870 Thread 0x00007f1b28028c30 DEOPT PACKING pc=0x00007f1b19166fa6 sp=0x00007f1b2f7d2440
Event: 10.870 Thread 0x00007f1b28028c30 DEOPT UNPACKING pc=0x00007f1b2058de2f sp=0x00007f1b2f7d1928 mode 0
Event: 10.870 Thread 0x00007f1b28028c30 DEOPT PACKING pc=0x00007f1b19348641 sp=0x00007f1b2f7d2410
Event: 10.870 Thread 0x00007f1b28028c30 DEOPT UNPACKING pc=0x00007f1b2058de2f sp=0x00007f1b2f7d1920 mode 0

Classes unloaded (0 events):
No events

Classes redefined (0 events):
No events

Internal exceptions (20 events):
Event: 8.736 Thread 0x00007f1b28028c30 Exception <a 'java/lang/NoSuchMethodError'{0x00000000896aa608}: 'int java.lang.invoke.Invokers$Holder.linkToTargetMethod(java.lang.Object, java.lang.Object, java.lang.Object)'> (0x00000000896aa608) 
thrown [src/hotspot/share/interpreter/linkResolver.cpp, line 758]
Event: 8.869 Thread 0x00007f1b28028c30 Exception <a 'java/lang/NoClassDefFoundError'{0x000000008f7c5d18}: org/flywaydb/core/Flyway> (0x000000008f7c5d18) 
thrown [src/hotspot/share/classfile/systemDictionary.cpp, line 245]
Event: 8.869 Thread 0x00007f1b28028c30 Exception <a 'java/lang/NoClassDefFoundError'{0x000000008f7c7430}: liquibase/integration/spring/SpringLiquibase> (0x000000008f7c7430) 
thrown [src/hotspot/share/classfile/systemDictionary.cpp, line 245]
Event: 8.892 Thread 0x00007f1b28028c30 Exception <a 'java/lang/NoClassDefFoundError'{0x000000008dc04b18}: org/springframework/batch/core/repository/JobRepository> (0x000000008dc04b18) 
thrown [src/hotspot/share/classfile/systemDictionary.cpp, line 245]
Event: 8.893 Thread 0x00007f1b28028c30 Exception <a 'java/lang/NoClassDefFoundError'{0x000000008dc05fe8}: org/quartz/Scheduler> (0x000000008dc05fe8) 
thrown [src/hotspot/share/classfile/systemDictionary.cpp, line 245]
Event: 8.893 Thread 0x00007f1b28028c30 Exception <a 'java/lang/NoClassDefFoundError'{0x000000008dc07840}: org/springframework/session/jdbc/JdbcIndexedSessionRepository> (0x000000008dc07840) 
thrown [src/hotspot/share/classfile/systemDictionary.cpp, line 245]
Event: 9.027 Thread 0x00007f1b28028c30 Exception <a 'java/lang/NoClassDefFoundError'{0x000000008dbd75e8}: org/jooq/DSLContext> (0x000000008dbd75e8) 
thrown [src/hotspot/share/classfile/systemDictionary.cpp, line 245]
Event: 9.136 Thread 0x00007f1b28028c30 Exception <a 'java/lang/NoSuchMethodError'{0x000000008a910768}: 'void java.lang.invoke.DirectMethodHandle$Holder.invokeSpecial(java.lang.Object, java.lang.Object, java.lang.Object, java.lang.Object, java.lang.Object, java.lang.Object)'> (0x000000008a910768) 
thrown [src/hotspot/share/interpreter/linkResolver.cpp, line 758]
Event: 9.439 Thread 0x00007f1b28028c30 Exception <a 'java/lang/NoSuchMethodError'{0x000000008a6b5df8}: 'java.lang.Object java.lang.invoke.DirectMethodHandle$Holder.invokeSpecialIFC(java.lang.Object, java.lang.Object, java.lang.Object)'> (0x000000008a6b5df8) 
thrown [src/hotspot/share/interpreter/linkResolver.cpp, line 758]
Event: 9.911 Thread 0x00007f1b28028c30 Exception <a 'java/lang/NoSuchMethodError'{0x000000008a14ea08}: 'void java.lang.invoke.DirectMethodHandle$Holder.invokeInterface(java.lang.Object, java.lang.Object, int)'> (0x000000008a14ea08) 
thrown [src/hotspot/share/interpreter/linkResolver.cpp, line 758]
Event: 9.931 Thread 0x00007f1b28028c30 Exception <a 'java/lang/IncompatibleClassChangeError'{0x000000008a19ed18}: Found class java.lang.Object, but interface was expected> (0x000000008a19ed18) 
thrown [src/hotspot/share/interpreter/linkResolver.cpp, line 826]
Event: 9.936 Thread 0x00007f1b28028c30 Exception <a 'java/lang/NoSuchMethodError'{0x000000008a1af850}: 'int java.lang.invoke.DirectMethodHandle$Holder.invokeSpecialIFC(java.lang.Object, java.lang.Object, java.lang.Object)'> (0x000000008a1af850) 
thrown [src/hotspot/share/interpreter/linkResolver.cpp, line 758]
Event: 9.942 Thread 0x00007f1b28028c30 Exception <a 'java/lang/NoSuchMethodError'{0x000000008a1bd960}: 'void java.lang.invoke.DirectMethodHandle$Holder.invokeStatic(java.lang.Object, int, java.lang.Object)'> (0x000000008a1bd960) 
thrown [src/hotspot/share/interpreter/linkResolver.cpp, line 758]
Event: 9.959 Thread 0x00007f1b28028c30 Exception <a 'java/lang/NoSuchMethodError'{0x000000008a1fb360}: 'void java.lang.invoke.DirectMethodHandle$Holder.invokeVirtual(java.lang.Object, java.lang.Object, int)'> (0x000000008a1fb360) 
thrown [src/hotspot/share/interpreter/linkResolver.cpp, line 758]
Event: 9.961 Thread 0x00007f1b28028c30 Exception <a 'java/lang/NoSuchMethodError'{0x000000008a001a80}: 'void java.lang.invoke.DirectMethodHandle$Holder.invokeStatic(java.lang.Object, java.lang.Object, java.lang.Object, int, java.lang.Object)'> (0x000000008a001a80) 
thrown [src/hotspot/share/interpreter/linkResolver.cpp, line 758]
Event: 9.962 Thread 0x00007f1b28028c30 Exception <a 'java/lang/NoSuchMethodError'{0x000000008a008f88}: 'java.lang.Object java.lang.invoke.DirectMethodHandle$Holder.newInvokeSpecial(java.lang.Object, java.lang.Object, java.lang.Object, int)'> (0x000000008a008f88) 
thrown [src/hotspot/share/interpreter/linkResolver.cpp, line 758]
Event: 9.963 Thread 0x00007f1b28028c30 Exception <a 'java/lang/NoSuchMethodError'{0x000000008a00d270}: 'java.lang.Object java.lang.invoke.DirectMethodHandle$Holder.invokeSpecial(java.lang.Object, java.lang.Object, java.lang.Object, java.lang.Object, int)'> (0x000000008a00d270) 
thrown [src/hotspot/share/interpreter/linkResolver.cpp, line 758]
Event: 9.964 Thread 0x00007f1b28028c30 Exception <a 'java/lang/NoSuchMethodError'{0x000000008a010e38}: 'java.lang.Object java.lang.invoke.Invokers$Holder.linkToTargetMethod(java.lang.Object, java.lang.Object, int, java.lang.Object)'> (0x000000008a010e38) 
thrown [src/hotspot/share/interpreter/linkResolver.cpp, line 758]
Event: 10.784 Thread 0x00007f1b28028c30 Exception <a 'java/lang/NoSuchMethodError'{0x000000008f72a828}: 'java.lang.Object java.lang.invoke.DirectMethodHandle$Holder.invokeSpecial(java.lang.Object, java.lang.Object, long, java.lang.Object, java.lang.Object, java.lang.Object, java.lang.Object, java.lang.Object, java.lang.Object)'> (0x000000008f72a828) 
thrown [src/hotspot/share/interpreter/linkResolver.cpp, line 758]
Event: 10.785 Thread 0x00007f1b28028c30 Exception <a 'java/lang/NoSuchMethodError'{0x000000008f72f350}: 'java.lang.Object java.lang.invoke.DelegatingMethodHandle$Holder.reinvoke_L(java.lang.Object, long, java.lang.Object, java.lang.Object, java.lang.Object, java.lang.Object, java.lang.Object, java.lang.Object)'> (0x000000008f72f350) 
thrown [src/hotspot/share/interpreter/linkResolver.cpp, line 758]

VM Operations (20 events):
Event: 9.236 Executing VM operation: HandshakeAllThreads
Event: 9.237 Executing VM operation: HandshakeAllThreads done
Event: 9.244 Executing VM operation: HandshakeAllThreads
Event: 9.244 Executing VM operation: HandshakeAllThreads done
Event: 9.739 Executing VM operation: HandshakeAllThreads
Event: 9.739 Executing VM operation: HandshakeAllThreads done
Event: 9.860 Executing VM operation: ICBufferFull
Event: 9.861 Executing VM operation: ICBufferFull done
Event: 10.441 Executing VM operation: G1CollectForAllocation
Event: 10.469 Executing VM operation: G1CollectForAllocation done
Event: 10.630 Executing VM operation: HandshakeAllThreads
Event: 10.630 Executing VM operation: HandshakeAllThreads done
Event: 10.731 Executing VM operation: CollectForMetadataAllocation
Event: 10.759 Executing VM operation: CollectForMetadataAllocation done
Event: 10.813 Executing VM operation: G1PauseRemark
Event: 10.829 Executing VM operation: G1PauseRemark done
Event: 10.853 Executing VM operation: HandshakeAllThreads
Event: 10.853 Executing VM operation: HandshakeAllThreads done
Event: 10.862 Executing VM operation: G1PauseCleanup
Event: 10.862 Executing VM operation: G1PauseCleanup done

Events (20 events):
Event: 10.841 loading class java/util/concurrent/atomic/Striped64
Event: 10.841 loading class java/util/concurrent/atomic/Striped64 done
Event: 10.842 loading class java/util/concurrent/atomic/LongAdder done
Event: 10.842 loading class java/lang/invoke/VarHandleLongs$FieldInstanceReadWrite
Event: 10.843 loading class java/lang/invoke/VarHandleLongs$FieldInstanceReadOnly
Event: 10.843 loading class java/lang/invoke/VarHandleLongs$FieldInstanceReadOnly done
Event: 10.844 loading class java/lang/invoke/VarHandleLongs$FieldInstanceReadWrite done
Event: 10.844 loading class java/util/concurrent/atomic/Striped64$1
Event: 10.847 loading class java/util/concurrent/atomic/Striped64$1 done
Event: 10.897 loading class java/lang/management/ManagementFactory
Event: 10.898 loading class java/lang/management/ManagementFactory done
Event: 10.905 loading class java/lang/management/RuntimeMXBean
Event: 10.906 loading class java/lang/management/PlatformManagedObject
Event: 10.906 loading class java/lang/management/PlatformManagedObject done
Event: 10.906 loading class java/lang/management/RuntimeMXBean done
Event: 10.906 loading class java/lang/management/ManagementFactory$PlatformMBeanFinder
Event: 10.907 loading class java/lang/management/ManagementFactory$PlatformMBeanFinder done
Event: 10.907 loading class java/lang/management/ManagementFactory$PlatformMBeanFinder$1
Event: 10.907 loading class java/lang/management/ManagementFactory$PlatformMBeanFinder$1 done
Event: 10.907 loading class sun/management/spi/PlatformMBeanProvider


Dynamic libraries:
88000000-8ab00000 rw-p 00000000 00:00 0 
8ab00000-8db00000 ---p 00000000 00:00 0 
8db00000-8dd00000 rw-p 00000000 00:00 0 
8dd00000-8f700000 ---p 00000000 00:00 0 
8f700000-8f800000 rw-p 00000000 00:00 0 
8f800000-100000000 ---p 00000000 00:00 0 
100000000-100020000 rw-p 00000000 00:00 0 
100020000-100040000 rw-p 00000000 00:00 0 
100040000-1000c0000 rw-p 00000000 00:00 0 
1000c0000-100140000 rw-p 00000000 00:00 0 
100140000-100180000 rw-p 00000000 00:00 0 
100180000-100240000 rw-p 00000000 00:00 0 
100240000-100280000 rw-p 00000000 00:00 0 
100280000-100440000 rw-p 00000000 00:00 0 
100440000-100470000 rw-p 00000000 00:00 0 
100470000-100480000 ---p 00000000 00:00 0 
100480000-1004a0000 rw-p 00000000 00:00 0 
1004a0000-140000000 ---p 00000000 00:00 0 
5599a0a08000-5599a0a09000 r--p 00000000 07:2a 1339                       /snap/eclipse/73/plugins/org.eclipse.justj.openjdk.hotspot.jre.full.linux.x86_64_17.0.8.v20230831-1047/jre/bin/java
5599a0a09000-5599a0a0a000 r-xp 00001000 07:2a 1339                       /snap/eclipse/73/plugins/org.eclipse.justj.openjdk.hotspot.jre.full.linux.x86_64_17.0.8.v20230831-1047/jre/bin/java
5599a0a0a000-5599a0a0b000 r--p 00002000 07:2a 1339                       /snap/eclipse/73/plugins/org.eclipse.justj.openjdk.hotspot.jre.full.linux.x86_64_17.0.8.v20230831-1047/jre/bin/java
5599a0a0b000-5599a0a0c000 r--p 00002000 07:2a 1339                       /snap/eclipse/73/plugins/org.eclipse.justj.openjdk.hotspot.jre.full.linux.x86_64_17.0.8.v20230831-1047/jre/bin/java
5599a0a0c000-5599a0a0d000 rw-p 00003000 07:2a 1339                       /snap/eclipse/73/plugins/org.eclipse.justj.openjdk.hotspot.jre.full.linux.x86_64_17.0.8.v20230831-1047/jre/bin/java
5599a2933000-5599a297e000 rw-p 00000000 00:00 0                          [heap]
7f1a90000000-7f1a90021000 rw-p 00000000 00:00 0 
7f1a90021000-7f1a94000000 ---p 00000000 00:00 0 
7f1a98000000-7f1a98021000 rw-p 00000000 00:00 0 
7f1a98021000-7f1a9c000000 ---p 00000000 00:00 0 
7f1a9c000000-7f1a9c041000 rw-p 00000000 00:00 0 
7f1a9c041000-7f1aa0000000 ---p 00000000 00:00 0 
7f1aa0000000-7f1aa0021000 rw-p 00000000 00:00 0 
7f1aa0021000-7f1aa4000000 ---p 00000000 00:00 0 
7f1aa4000000-7f1aa4035000 rw-p 00000000 00:00 0 
7f1aa4035000-7f1aa8000000 ---p 00000000 00:00 0 
7f1aa8000000-7f1aa82b7000 rw-p 00000000 00:00 0 
7f1aa82b7000-7f1aac000000 ---p 00000000 00:00 0 
7f1aac000000-7f1aac021000 rw-p 00000000 00:00 0 
7f1aac021000-7f1ab0000000 ---p 00000000 00:00 0 
7f1ab0000000-7f1ab0021000 rw-p 00000000 00:00 0 
7f1ab0021000-7f1ab4000000 ---p 00000000 00:00 0 
7f1ab4000000-7f1ab4021000 rw-p 00000000 00:00 0 
7f1ab4021000-7f1ab8000000 ---p 00000000 00:00 0 
7f1ab8000000-7f1ab8021000 rw-p 00000000 00:00 0 
7f1ab8021000-7f1abc000000 ---p 00000000 00:00 0 
7f1abc000000-7f1abc021000 rw-p 00000000 00:00 0 
7f1abc021000-7f1ac0000000 ---p 00000000 00:00 0 
7f1ac0000000-7f1ac0021000 rw-p 00000000 00:00 0 
7f1ac0021000-7f1ac4000000 ---p 00000000 00:00 0 
7f1ac4000000-7f1ac4afb000 rw-p 00000000 00:00 0 
7f1ac4afb000-7f1ac8000000 ---p 00000000 00:00 0 
7f1ac8000000-7f1ac8021000 rw-p 00000000 00:00 0 
7f1ac8021000-7f1acc000000 ---p 00000000 00:00 0 
7f1acef57000-7f1acef5b000 ---p 00000000 00:00 0 
7f1acef5b000-7f1acf2ee000 rw-p 00000000 00:00 0 
7f1acf2ee000-7f1acf2f2000 ---p 00000000 00:00 0 
7f1acf2f2000-7f1acf3ee000 rw-p 00000000 00:00 0 
7f1acf3ee000-7f1acf3ef000 ---p 00000000 00:00 0 
7f1acf3ef000-7f1acf4f0000 rw-p 00000000 00:00 0 
7f1acf4f0000-7f1acf4f1000 ---p 00000000 00:00 0 
7f1acf4f1000-7f1acf5f2000 rw-p 00000000 00:00 0 
7f1acf5f2000-7f1acf5f3000 ---p 00000000 00:00 0 
7f1acf5f3000-7f1acf6f4000 rw-p 00000000 00:00 0 
7f1acf6f4000-7f1acf6f5000 ---p 00000000 00:00 0 
7f1acf6f5000-7f1acf7f6000 rw-p 00000000 00:00 0 
7f1acf7f6000-7f1acf7fa000 ---p 00000000 00:00 0 
7f1acf7fa000-7f1acf8f6000 rw-p 00000000 00:00 0 
7f1acf8f6000-7f1acf8f7000 ---p 00000000 00:00 0 
7f1acf8f7000-7f1acf9f8000 rw-p 00000000 00:00 0 
7f1acf9f8000-7f1acf9f9000 ---p 00000000 00:00 0 
7f1acf9f9000-7f1acfafa000 rw-p 00000000 00:00 0 
7f1acfafa000-7f1acfafb000 ---p 00000000 00:00 0 
7f1acfafb000-7f1acfbfc000 rw-p 00000000 00:00 0 
7f1acfbfc000-7f1acfbfd000 ---p 00000000 00:00 0 
7f1acfbfd000-7f1acfcfe000 rw-p 00000000 00:00 0 
7f1acfcfe000-7f1acfd02000 ---p 00000000 00:00 0 
7f1acfd02000-7f1acfdfe000 rw-p 00000000 00:00 0 
7f1acfdfe000-7f1acfe02000 ---p 00000000 00:00 0 
7f1acfe02000-7f1acfefe000 rw-p 00000000 00:00 0 
7f1acfefe000-7f1acfeff000 ---p 00000000 00:00 0 
7f1acfeff000-7f1ad0000000 rw-p 00000000 00:00 0 
7f1ad0000000-7f1ad0021000 rw-p 00000000 00:00 0 
7f1ad0021000-7f1ad4000000 ---p 00000000 00:00 0 
7f1ad4000000-7f1ad4021000 rw-p 00000000 00:00 0 
7f1ad4021000-7f1ad8000000 ---p 00000000 00:00 0 
7f1ad8000000-7f1ad9712000 rw-p 00000000 00:00 0 
7f1ad9712000-7f1adc000000 ---p 00000000 00:00 0 
7f1adc000000-7f1adc7ce000 rw-p 00000000 00:00 0 
7f1adc7ce000-7f1ae0000000 ---p 00000000 00:00 0 
7f1ae0000000-7f1ae0021000 rw-p 00000000 00:00 0 
7f1ae0021000-7f1ae4000000 ---p 00000000 00:00 0 
7f1ae4000000-7f1ae4021000 rw-p 00000000 00:00 0 
7f1ae4021000-7f1ae8000000 ---p 00000000 00:00 0 
7f1ae8000000-7f1ae8021000 rw-p 00000000 00:00 0 
7f1ae8021000-7f1aec000000 ---p 00000000 00:00 0 
7f1aec000000-7f1aec021000 rw-p 00000000 00:00 0 
7f1aec021000-7f1af0000000 ---p 00000000 00:00 0 
7f1af0000000-7f1af0021000 rw-p 00000000 00:00 0 
7f1af0021000-7f1af4000000 ---p 00000000 00:00 0 
7f1af4000000-7f1af4021000 rw-p 00000000 00:00 0 
7f1af4021000-7f1af8000000 ---p 00000000 00:00 0 
7f1af8000000-7f1af8400000 rw-p 00000000 00:00 0 
7f1af8400000-7f1af8480000 rw-p 00000000 00:00 0 
7f1af8480000-7f1af8500000 rw-p 00000000 00:00 0 
7f1af8500000-7f1af8700000 rw-p 00000000 00:00 0 
7f1af8700000-7f1af8760000 rw-p 00000000 00:00 0 
7f1af8760000-7f1af8780000 rw-p 00000000 00:00 0 
7f1af8780000-7f1af8900000 rw-p 00000000 00:00 0 
7f1af8900000-7f1af8b00000 rw-p 00000000 00:00 0 
7f1af8b00000-7f1af8c00000 rw-p 00000000 00:00 0 
7f1af8c00000-7f1af8d00000 rw-p 00000000 00:00 0 
7f1af8d00000-7f1af8e00000 rw-p 00000000 00:00 0 
7f1af8e00000-7f1af9100000 rw-p 00000000 00:00 0 
7f1af9100000-7f1af9200000 rw-p 00000000 00:00 0 
7f1af9200000-7f1af9400000 rw-p 00000000 00:00 0 
7f1af9400000-7f1af9980000 rw-p 00000000 00:00 0 
7f1af9980000-7f1af9a00000 rw-p 00000000 00:00 0 
7f1af9a00000-7f1af9d00000 rw-p 00000000 00:00 0 
7f1af9d00000-7f1af9e00000 rw-p 00000000 00:00 0 
7f1af9e00000-7f1af9fe0000 rw-p 00000000 00:00 0 
7f1af9fe0000-7f1afa030000 rw-p 00000000 00:00 0 
7f1afa030000-7f1afc000000 ---p 00000000 00:00 0 
7f1afc000000-7f1afc021000 rw-p 00000000 00:00 0 
7f1afc021000-7f1b00000000 ---p 00000000 00:00 0 
7f1b00000000-7f1b00021000 rw-p 00000000 00:00 0 
7f1b00021000-7f1b04000000 ---p 00000000 00:00 0 
7f1b04000000-7f1b04021000 rw-p 00000000 00:00 0 
7f1b04021000-7f1b08000000 ---p 00000000 00:00 0 
7f1b08000000-7f1b08021000 rw-p 00000000 00:00 0 
7f1b08021000-7f1b0c000000 ---p 00000000 00:00 0 
7f1b0c000000-7f1b0c021000 rw-p 00000000 00:00 0 
7f1b0c021000-7f1b10000000 ---p 00000000 00:00 0 
7f1b10069000-7f1b10070000 r--s 00000000 103:02 2495535                   /usr/lib/x86_64-linux-gnu/gconv/gconv-modules.cache
7f1b10070000-7f1b10072000 r--p 00000000 07:2a 1734                       /snap/eclipse/73/plugins/org.eclipse.justj.openjdk.hotspot.jre.full.linux.x86_64_17.0.8.v20230831-1047/jre/lib/libmanagement_ext.so
7f1b10072000-7f1b10075000 r-xp 00002000 07:2a 1734                       /snap/eclipse/73/plugins/org.eclipse.justj.openjdk.hotspot.jre.full.linux.x86_64_17.0.8.v20230831-1047/jre/lib/libmanagement_ext.so
7f1b10075000-7f1b10076000 r--p 00005000 07:2a 1734                       /snap/eclipse/73/plugins/org.eclipse.justj.openjdk.hotspot.jre.full.linux.x86_64_17.0.8.v20230831-1047/jre/lib/libmanagement_ext.so
7f1b10076000-7f1b10077000 ---p 00006000 07:2a 1734                       /snap/eclipse/73/plugins/org.eclipse.justj.openjdk.hotspot.jre.full.linux.x86_64_17.0.8.v20230831-1047/jre/lib/libmanagement_ext.so
7f1b10077000-7f1b10078000 r--p 00006000 07:2a 1734                       /snap/eclipse/73/plugins/org.eclipse.justj.openjdk.hotspot.jre.full.linux.x86_64_17.0.8.v20230831-1047/jre/lib/libmanagement_ext.so
7f1b10078000-7f1b10079000 rw-p 00007000 07:2a 1734                       /snap/eclipse/73/plugins/org.eclipse.justj.openjdk.hotspot.jre.full.linux.x86_64_17.0.8.v20230831-1047/jre/lib/libmanagement_ext.so
7f1b10079000-7f1b100aa000 rw-p 00000000 00:00 0 
7f1b100aa000-7f1b100ae000 r--p 00000000 07:2a 1736                       /snap/eclipse/73/plugins/org.eclipse.justj.openjdk.hotspot.jre.full.linux.x86_64_17.0.8.v20230831-1047/jre/lib/libnet.so
7f1b100ae000-7f1b100bc000 r-xp 00004000 07:2a 1736                       /snap/eclipse/73/plugins/org.eclipse.justj.openjdk.hotspot.jre.full.linux.x86_64_17.0.8.v20230831-1047/jre/lib/libnet.so
7f1b100bc000-7f1b100c0000 r--p 00012000 07:2a 1736                       /snap/eclipse/73/plugins/org.eclipse.justj.openjdk.hotspot.jre.full.linux.x86_64_17.0.8.v20230831-1047/jre/lib/libnet.so
7f1b100c0000-7f1b100c1000 r--p 00015000 07:2a 1736                       /snap/eclipse/73/plugins/org.eclipse.justj.openjdk.hotspot.jre.full.linux.x86_64_17.0.8.v20230831-1047/jre/lib/libnet.so
7f1b100c1000-7f1b100c2000 rw-p 00016000 07:2a 1736                       /snap/eclipse/73/plugins/org.eclipse.justj.openjdk.hotspot.jre.full.linux.x86_64_17.0.8.v20230831-1047/jre/lib/libnet.so
7f1b100c2000-7f1b100c6000 ---p 00000000 00:00 0 
7f1b100c6000-7f1b101c2000 rw-p 00000000 00:00 0 
7f1b101c2000-7f1b101c6000 ---p 00000000 00:00 0 
7f1b101c6000-7f1b102c2000 rw-p 00000000 00:00 0 
7f1b102c2000-7f1b102c6000 ---p 00000000 00:00 0 
7f1b102c6000-7f1b103c2000 rw-p 00000000 00:00 0 
7f1b103c2000-7f1b103c6000 ---p 00000000 00:00 0 
7f1b103c6000-7f1b104c2000 rw-p 00000000 00:00 0 
7f1b104c2000-7f1b104c6000 ---p 00000000 00:00 0 
7f1b104c6000-7f1b105c2000 rw-p 00000000 00:00 0 
7f1b105c2000-7f1b105c6000 ---p 00000000 00:00 0 
7f1b105c6000-7f1b106c2000 rw-p 00000000 00:00 0 
7f1b106c2000-7f1b106c6000 ---p 00000000 00:00 0 
7f1b106c6000-7f1b107c2000 rw-p 00000000 00:00 0 
7f1b107c2000-7f1b10d35000 r--p 00000000 103:02 1837428                   /usr/lib/locale/locale-archive
7f1b10d35000-7f1b10d39000 ---p 00000000 00:00 0 
7f1b10d39000-7f1b10e35000 rw-p 00000000 00:00 0 
7f1b10e35000-7f1b10e39000 ---p 00000000 00:00 0 
7f1b10e39000-7f1b10f35000 rw-p 00000000 00:00 0 
7f1b10f35000-7f1b10f36000 ---p 00000000 00:00 0 
7f1b10f36000-7f1b11154000 rw-p 00000000 00:00 0 
7f1b11154000-7f1b11155000 ---p 00000000 00:00 0 
7f1b11155000-7f1b11256000 rw-p 00000000 00:00 0 
7f1b11256000-7f1b11257000 ---p 00000000 00:00 0 
7f1b11257000-7f1b13b60000 rw-p 00000000 00:00 0 
7f1b13b60000-7f1b13b61000 ---p 00000000 00:00 0 
7f1b13b61000-7f1b13c62000 rw-p 00000000 00:00 0 
7f1b13c62000-7f1b13c63000 ---p 00000000 00:00 0 
7f1b13c63000-7f1b13d64000 rw-p 00000000 00:00 0 
7f1b13d64000-7f1b13d65000 ---p 00000000 00:00 0 
7f1b13d65000-7f1b13f8e000 rw-p 00000000 00:00 0 
7f1b13f8e000-7f1b1404e000 ---p 00000000 00:00 0 
7f1b1404e000-7f1b14056000 rw-p 00000000 00:00 0 
7f1b14056000-7f1b140be000 ---p 00000000 00:00 0 
7f1b140be000-7f1b140c2000 rw-p 00000000 00:00 0 
7f1b140c2000-7f1b15ce2000 ---p 00000000 00:00 0 
7f1b15ce2000-7f1b15d8e000 rw-p 00000000 00:00 0 
7f1b15d8e000-7f1b15e4e000 ---p 00000000 00:00 0 
7f1b15e4e000-7f1b15e56000 rw-p 00000000 00:00 0 
7f1b15e56000-7f1b15ebe000 ---p 00000000 00:00 0 
7f1b15ebe000-7f1b15ec2000 rw-p 00000000 00:00 0 
7f1b15ec2000-7f1b17ae2000 ---p 00000000 00:00 0 
7f1b17ae2000-7f1b17af8000 rw-p 00000000 00:00 0 
7f1b17af8000-7f1b17b0f000 ---p 00000000 00:00 0 
7f1b17b0f000-7f1b17b11000 rw-p 00000000 00:00 0 
7f1b17b11000-7f1b17b1d000 ---p 00000000 00:00 0 
7f1b17b1d000-7f1b17b1e000 rw-p 00000000 00:00 0 
7f1b17b1e000-7f1b17ea2000 ---p 00000000 00:00 0 
7f1b17ea2000-7f1b17eb8000 rw-p 00000000 00:00 0 
7f1b17eb8000-7f1b17ecf000 ---p 00000000 00:00 0 
7f1b17ecf000-7f1b17ed1000 rw-p 00000000 00:00 0 
7f1b17ed1000-7f1b17edd000 ---p 00000000 00:00 0 
7f1b17edd000-7f1b17ede000 rw-p 00000000 00:00 0 
7f1b17ede000-7f1b18262000 ---p 00000000 00:00 0 
7f1b18262000-7f1b18278000 rw-p 00000000 00:00 0 
7f1b18278000-7f1b1828f000 ---p 00000000 00:00 0 
7f1b1828f000-7f1b18291000 rw-p 00000000 00:00 0 
7f1b18291000-7f1b1829d000 ---p 00000000 00:00 0 
7f1b1829d000-7f1b1829e000 rw-p 00000000 00:00 0 
7f1b1829e000-7f1b18622000 ---p 00000000 00:00 0 
7f1b18622000-7f1b18e2f000 rw-p 00000000 00:00 0 
7f1b18e2f000-7f1b18f15000 ---p 00000000 00:00 0 
7f1b18f15000-7f1b18f24000 rw-p 00000000 00:00 0 
7f1b18f24000-7f1b19000000 ---p 00000000 00:00 0 
7f1b19000000-7f1b19730000 rwxp 00000000 00:00 0 
7f1b19730000-7f1b20537000 ---p 00000000 00:00 0 
7f1b20537000-7f1b207a7000 rwxp 00000000 00:00 0 
7f1b207a7000-7f1b20ac9000 ---p 00000000 00:00 0 
7f1b20ac9000-7f1b20d39000 rwxp 00000000 00:00 0 
7f1b20d39000-7f1b28000000 ---p 00000000 00:00 0 
7f1b28000000-7f1b28f12000 rw-p 00000000 00:00 0 
7f1b28f12000-7f1b2c000000 ---p 00000000 00:00 0 
7f1b2c001000-7f1b2c008000 r--p 00000000 07:2a 1737                       /snap/eclipse/73/plugins/org.eclipse.justj.openjdk.hotspot.jre.full.linux.x86_64_17.0.8.v20230831-1047/jre/lib/libnio.so
7f1b2c008000-7f1b2c011000 r-xp 00007000 07:2a 1737                       /snap/eclipse/73/plugins/org.eclipse.justj.openjdk.hotspot.jre.full.linux.x86_64_17.0.8.v20230831-1047/jre/lib/libnio.so
7f1b2c011000-7f1b2c015000 r--p 00010000 07:2a 1737                       /snap/eclipse/73/plugins/org.eclipse.justj.openjdk.hotspot.jre.full.linux.x86_64_17.0.8.v20230831-1047/jre/lib/libnio.so
7f1b2c015000-7f1b2c016000 ---p 00014000 07:2a 1737                       /snap/eclipse/73/plugins/org.eclipse.justj.openjdk.hotspot.jre.full.linux.x86_64_17.0.8.v20230831-1047/jre/lib/libnio.so
7f1b2c016000-7f1b2c017000 r--p 00014000 07:2a 1737                       /snap/eclipse/73/plugins/org.eclipse.justj.openjdk.hotspot.jre.full.linux.x86_64_17.0.8.v20230831-1047/jre/lib/libnio.so
7f1b2c017000-7f1b2c018000 rw-p 00015000 07:2a 1737                       /snap/eclipse/73/plugins/org.eclipse.justj.openjdk.hotspot.jre.full.linux.x86_64_17.0.8.v20230831-1047/jre/lib/libnio.so
7f1b2c018000-7f1b2c01a000 r--p 00000000 07:2a 1744                       /snap/eclipse/73/plugins/org.eclipse.justj.openjdk.hotspot.jre.full.linux.x86_64_17.0.8.v20230831-1047/jre/lib/libzip.so
7f1b2c01a000-7f1b2c01e000 r-xp 00002000 07:2a 1744                       /snap/eclipse/73/plugins/org.eclipse.justj.openjdk.hotspot.jre.full.linux.x86_64_17.0.8.v20230831-1047/jre/lib/libzip.so
7f1b2c01e000-7f1b2c020000 r--p 00006000 07:2a 1744                       /snap/eclipse/73/plugins/org.eclipse.justj.openjdk.hotspot.jre.full.linux.x86_64_17.0.8.v20230831-1047/jre/lib/libzip.so
7f1b2c020000-7f1b2c021000 r--p 00007000 07:2a 1744                       /snap/eclipse/73/plugins/org.eclipse.justj.openjdk.hotspot.jre.full.linux.x86_64_17.0.8.v20230831-1047/jre/lib/libzip.so
7f1b2c021000-7f1b2c022000 rw-p 00008000 07:2a 1744                       /snap/eclipse/73/plugins/org.eclipse.justj.openjdk.hotspot.jre.full.linux.x86_64_17.0.8.v20230831-1047/jre/lib/libzip.so
7f1b2c022000-7f1b2c02f000 r--p 00000000 07:2a 1723                       /snap/eclipse/73/plugins/org.eclipse.justj.openjdk.hotspot.jre.full.linux.x86_64_17.0.8.v20230831-1047/jre/lib/libjava.so
7f1b2c02f000-7f1b2c041000 r-xp 0000d000 07:2a 1723                       /snap/eclipse/73/plugins/org.eclipse.justj.openjdk.hotspot.jre.full.linux.x86_64_17.0.8.v20230831-1047/jre/lib/libjava.so
7f1b2c041000-7f1b2c047000 r--p 0001f000 07:2a 1723                       /snap/eclipse/73/plugins/org.eclipse.justj.openjdk.hotspot.jre.full.linux.x86_64_17.0.8.v20230831-1047/jre/lib/libjava.so
7f1b2c047000-7f1b2c048000 ---p 00025000 07:2a 1723                       /snap/eclipse/73/plugins/org.eclipse.justj.openjdk.hotspot.jre.full.linux.x86_64_17.0.8.v20230831-1047/jre/lib/libjava.so
7f1b2c048000-7f1b2c049000 r--p 00025000 07:2a 1723                       /snap/eclipse/73/plugins/org.eclipse.justj.openjdk.hotspot.jre.full.linux.x86_64_17.0.8.v20230831-1047/jre/lib/libjava.so
7f1b2c049000-7f1b2c04a000 rw-p 00026000 07:2a 1723                       /snap/eclipse/73/plugins/org.eclipse.justj.openjdk.hotspot.jre.full.linux.x86_64_17.0.8.v20230831-1047/jre/lib/libjava.so
7f1b2c04a000-7f1b2c04b000 rw-p 00000000 00:00 0 
7f1b2c04b000-7f1b2f6b6000 r--s 00000000 07:2a 1745                       /snap/eclipse/73/plugins/org.eclipse.justj.openjdk.hotspot.jre.full.linux.x86_64_17.0.8.v20230831-1047/jre/lib/modules
7f1b2f6b6000-7f1b2f6ba000 r--p 00000000 07:2a 1727                       /snap/eclipse/73/plugins/org.eclipse.justj.openjdk.hotspot.jre.full.linux.x86_64_17.0.8.v20230831-1047/jre/lib/libjimage.so
7f1b2f6ba000-7f1b2f6cd000 r-xp 00004000 07:2a 1727                       /snap/eclipse/73/plugins/org.eclipse.justj.openjdk.hotspot.jre.full.linux.x86_64_17.0.8.v20230831-1047/jre/lib/libjimage.so
7f1b2f6cd000-7f1b2f6d3000 r--p 00017000 07:2a 1727                       /snap/eclipse/73/plugins/org.eclipse.justj.openjdk.hotspot.jre.full.linux.x86_64_17.0.8.v20230831-1047/jre/lib/libjimage.so
7f1b2f6d3000-7f1b2f6d5000 r--p 0001c000 07:2a 1727                       /snap/eclipse/73/plugins/org.eclipse.justj.openjdk.hotspot.jre.full.linux.x86_64_17.0.8.v20230831-1047/jre/lib/libjimage.so
7f1b2f6d5000-7f1b2f6d6000 rw-p 0001e000 07:2a 1727                       /snap/eclipse/73/plugins/org.eclipse.justj.openjdk.hotspot.jre.full.linux.x86_64_17.0.8.v20230831-1047/jre/lib/libjimage.so
7f1b2f6d6000-7f1b2f6da000 ---p 00000000 00:00 0 
7f1b2f6da000-7f1b2f7d6000 rw-p 00000000 00:00 0 
7f1b2f7d6000-7f1b2f7e4000 r--p 00000000 103:02 1837398                   /usr/lib/x86_64-linux-gnu/libm.so.6
7f1b2f7e4000-7f1b2f860000 r-xp 0000e000 103:02 1837398                   /usr/lib/x86_64-linux-gnu/libm.so.6
7f1b2f860000-7f1b2f8bb000 r--p 0008a000 103:02 1837398                   /usr/lib/x86_64-linux-gnu/libm.so.6
7f1b2f8bb000-7f1b2f8bc000 r--p 000e4000 103:02 1837398                   /usr/lib/x86_64-linux-gnu/libm.so.6
7f1b2f8bc000-7f1b2f8bd000 rw-p 000e5000 103:02 1837398                   /usr/lib/x86_64-linux-gnu/libm.so.6
7f1b2f8bd000-7f1b2f8be000 r--p 00000000 103:02 1837494                   /usr/lib/x86_64-linux-gnu/librt.so.1
7f1b2f8be000-7f1b2f8bf000 r-xp 00001000 103:02 1837494                   /usr/lib/x86_64-linux-gnu/librt.so.1
7f1b2f8bf000-7f1b2f8c0000 r--p 00002000 103:02 1837494                   /usr/lib/x86_64-linux-gnu/librt.so.1
7f1b2f8c0000-7f1b2f8c1000 r--p 00002000 103:02 1837494                   /usr/lib/x86_64-linux-gnu/librt.so.1
7f1b2f8c1000-7f1b2f8c2000 rw-p 00003000 103:02 1837494                   /usr/lib/x86_64-linux-gnu/librt.so.1
7f1b2f8c2000-7f1b2fb15000 r--p 00000000 07:2a 1755                       /snap/eclipse/73/plugins/org.eclipse.justj.openjdk.hotspot.jre.full.linux.x86_64_17.0.8.v20230831-1047/jre/lib/server/libjvm.so
7f1b2fb15000-7f1b30837000 r-xp 00253000 07:2a 1755                       /snap/eclipse/73/plugins/org.eclipse.justj.openjdk.hotspot.jre.full.linux.x86_64_17.0.8.v20230831-1047/jre/lib/server/libjvm.so
7f1b30837000-7f1b30ac4000 r--p 00f75000 07:2a 1755                       /snap/eclipse/73/plugins/org.eclipse.justj.openjdk.hotspot.jre.full.linux.x86_64_17.0.8.v20230831-1047/jre/lib/server/libjvm.so
7f1b30ac4000-7f1b30b7d000 r--p 01201000 07:2a 1755                       /snap/eclipse/73/plugins/org.eclipse.justj.openjdk.hotspot.jre.full.linux.x86_64_17.0.8.v20230831-1047/jre/lib/server/libjvm.so
7f1b30b7d000-7f1b30bb2000 rw-p 012ba000 07:2a 1755                       /snap/eclipse/73/plugins/org.eclipse.justj.openjdk.hotspot.jre.full.linux.x86_64_17.0.8.v20230831-1047/jre/lib/server/libjvm.so
7f1b30bb2000-7f1b30c10000 rw-p 00000000 00:00 0 
7f1b30c10000-7f1b30c38000 r--p 00000000 103:02 1837388                   /usr/lib/x86_64-linux-gnu/libc.so.6
7f1b30c38000-7f1b30dcd000 r-xp 00028000 103:02 1837388                   /usr/lib/x86_64-linux-gnu/libc.so.6
7f1b30dcd000-7f1b30e25000 r--p 001bd000 103:02 1837388                   /usr/lib/x86_64-linux-gnu/libc.so.6
7f1b30e25000-7f1b30e26000 ---p 00215000 103:02 1837388                   /usr/lib/x86_64-linux-gnu/libc.so.6
7f1b30e26000-7f1b30e2a000 r--p 00215000 103:02 1837388                   /usr/lib/x86_64-linux-gnu/libc.so.6
7f1b30e2a000-7f1b30e2c000 rw-p 00219000 103:02 1837388                   /usr/lib/x86_64-linux-gnu/libc.so.6
7f1b30e2c000-7f1b30e39000 rw-p 00000000 00:00 0 
7f1b30e39000-7f1b30e3a000 r--p 00000000 103:02 1837397                   /usr/lib/x86_64-linux-gnu/libdl.so.2
7f1b30e3a000-7f1b30e3b000 r-xp 00001000 103:02 1837397                   /usr/lib/x86_64-linux-gnu/libdl.so.2
7f1b30e3b000-7f1b30e3c000 r--p 00002000 103:02 1837397                   /usr/lib/x86_64-linux-gnu/libdl.so.2
7f1b30e3c000-7f1b30e3d000 r--p 00002000 103:02 1837397                   /usr/lib/x86_64-linux-gnu/libdl.so.2
7f1b30e3d000-7f1b30e3e000 rw-p 00003000 103:02 1837397                   /usr/lib/x86_64-linux-gnu/libdl.so.2
7f1b30e3e000-7f1b30e3f000 r--p 00000000 103:02 1837480                   /usr/lib/x86_64-linux-gnu/libpthread.so.0
7f1b30e3f000-7f1b30e40000 r-xp 00001000 103:02 1837480                   /usr/lib/x86_64-linux-gnu/libpthread.so.0
7f1b30e40000-7f1b30e41000 r--p 00002000 103:02 1837480                   /usr/lib/x86_64-linux-gnu/libpthread.so.0
7f1b30e41000-7f1b30e42000 r--p 00002000 103:02 1837480                   /usr/lib/x86_64-linux-gnu/libpthread.so.0
7f1b30e42000-7f1b30e43000 rw-p 00003000 103:02 1837480                   /usr/lib/x86_64-linux-gnu/libpthread.so.0
7f1b30e43000-7f1b30e46000 r--p 00000000 07:2a 1728                       /snap/eclipse/73/plugins/org.eclipse.justj.openjdk.hotspot.jre.full.linux.x86_64_17.0.8.v20230831-1047/jre/lib/libjli.so
7f1b30e46000-7f1b30e50000 r-xp 00003000 07:2a 1728                       /snap/eclipse/73/plugins/org.eclipse.justj.openjdk.hotspot.jre.full.linux.x86_64_17.0.8.v20230831-1047/jre/lib/libjli.so
7f1b30e50000-7f1b30e53000 r--p 0000d000 07:2a 1728                       /snap/eclipse/73/plugins/org.eclipse.justj.openjdk.hotspot.jre.full.linux.x86_64_17.0.8.v20230831-1047/jre/lib/libjli.so
7f1b30e53000-7f1b30e54000 ---p 00010000 07:2a 1728                       /snap/eclipse/73/plugins/org.eclipse.justj.openjdk.hotspot.jre.full.linux.x86_64_17.0.8.v20230831-1047/jre/lib/libjli.so
7f1b30e54000-7f1b30e55000 r--p 00010000 07:2a 1728                       /snap/eclipse/73/plugins/org.eclipse.justj.openjdk.hotspot.jre.full.linux.x86_64_17.0.8.v20230831-1047/jre/lib/libjli.so
7f1b30e55000-7f1b30e56000 rw-p 00011000 07:2a 1728                       /snap/eclipse/73/plugins/org.eclipse.justj.openjdk.hotspot.jre.full.linux.x86_64_17.0.8.v20230831-1047/jre/lib/libjli.so
7f1b30e56000-7f1b30e58000 r--p 00000000 103:02 1835397                   /usr/lib/x86_64-linux-gnu/libz.so.1.2.11
7f1b30e58000-7f1b30e69000 r-xp 00002000 103:02 1835397                   /usr/lib/x86_64-linux-gnu/libz.so.1.2.11
7f1b30e69000-7f1b30e6f000 r--p 00013000 103:02 1835397                   /usr/lib/x86_64-linux-gnu/libz.so.1.2.11
7f1b30e6f000-7f1b30e70000 ---p 00019000 103:02 1835397                   /usr/lib/x86_64-linux-gnu/libz.so.1.2.11
7f1b30e70000-7f1b30e71000 r--p 00019000 103:02 1835397                   /usr/lib/x86_64-linux-gnu/libz.so.1.2.11
7f1b30e71000-7f1b30e72000 rw-p 0001a000 103:02 1835397                   /usr/lib/x86_64-linux-gnu/libz.so.1.2.11
7f1b30e74000-7f1b30e77000 r--p 00000000 07:2a 1732                       /snap/eclipse/73/plugins/org.eclipse.justj.openjdk.hotspot.jre.full.linux.x86_64_17.0.8.v20230831-1047/jre/lib/libmanagement.so
7f1b30e77000-7f1b30e78000 r-xp 00003000 07:2a 1732                       /snap/eclipse/73/plugins/org.eclipse.justj.openjdk.hotspot.jre.full.linux.x86_64_17.0.8.v20230831-1047/jre/lib/libmanagement.so
7f1b30e78000-7f1b30e79000 r--p 00004000 07:2a 1732                       /snap/eclipse/73/plugins/org.eclipse.justj.openjdk.hotspot.jre.full.linux.x86_64_17.0.8.v20230831-1047/jre/lib/libmanagement.so
7f1b30e79000-7f1b30e7a000 r--p 00004000 07:2a 1732                       /snap/eclipse/73/plugins/org.eclipse.justj.openjdk.hotspot.jre.full.linux.x86_64_17.0.8.v20230831-1047/jre/lib/libmanagement.so
7f1b30e7a000-7f1b30e7b000 rw-p 00005000 07:2a 1732                       /snap/eclipse/73/plugins/org.eclipse.justj.openjdk.hotspot.jre.full.linux.x86_64_17.0.8.v20230831-1047/jre/lib/libmanagement.so
7f1b30e7b000-7f1b30e80000 rw-p 00000000 00:00 0 
7f1b30e80000-7f1b30e87000 ---p 00000000 00:00 0 
7f1b30e87000-7f1b30e8f000 rw-s 00000000 103:02 15205156                  /tmp/hsperfdata_jry/29769
7f1b30e8f000-7f1b30e90000 ---p 00000000 00:00 0 
7f1b30e90000-7f1b30e91000 r--p 00000000 00:00 0 
7f1b30e91000-7f1b30e93000 rw-p 00000000 00:00 0 
7f1b30e93000-7f1b30e95000 r--p 00000000 103:02 1836439                   /usr/lib/x86_64-linux-gnu/ld-linux-x86-64.so.2
7f1b30e95000-7f1b30ebf000 r-xp 00002000 103:02 1836439                   /usr/lib/x86_64-linux-gnu/ld-linux-x86-64.so.2
7f1b30ebf000-7f1b30eca000 r--p 0002c000 103:02 1836439                   /usr/lib/x86_64-linux-gnu/ld-linux-x86-64.so.2
7f1b30eca000-7f1b30ecb000 ---p 00000000 00:00 0 
7f1b30ecb000-7f1b30ecd000 r--p 00037000 103:02 1836439                   /usr/lib/x86_64-linux-gnu/ld-linux-x86-64.so.2
7f1b30ecd000-7f1b30ecf000 rw-p 00039000 103:02 1836439                   /usr/lib/x86_64-linux-gnu/ld-linux-x86-64.so.2
7ffd3a5da000-7ffd3a5fe000 rw-p 00000000 00:00 0                          [stack]
7ffd3a6c1000-7ffd3a6c5000 r--p 00000000 00:00 0                          [vvar]
7ffd3a6c5000-7ffd3a6c7000 r-xp 00000000 00:00 0                          [vdso]
ffffffffff600000-ffffffffff601000 --xp 00000000 00:00 0                  [vsyscall]


VM Arguments:
jvm_args: -Dfile.encoding=UTF-8 -Dstdout.encoding=UTF-8 -Dstderr.encoding=UTF-8 -XX:+ShowCodeDetailsInExceptionMessages 
java_command: com.example.LeagueFantasy.Application
java_class_path (initial): /home/jry/Documents/ECSE428Git/5LeagueFantasy/5LeagueFantasyBackend/5LeagueFantasy/bin/main:/home/jry/.gradle/caches/modules-2/files-2.1/org.springframework.boot/spring-boot-starter-data-jdbc/3.2.2/ce48eb6ad5f98e73e001425c95ea3a248f484e22/spring-boot-starter-data-jdbc-3.2.2.jar:/home/jry/.gradle/caches/modules-2/files-2.1/org.springframework.boot/spring-boot-starter-data-jpa/3.2.2/65cf3aad09f0218b7dfab849c9b0350d0a9e0d81/spring-boot-starter-data-jpa-3.2.2.jar:/home/jry/.gradle/caches/modules-2/files-2.1/org.springframework.boot/spring-boot-starter-web/3.2.2/b89d213d9f49c3e6247b2503ac7d94b0ac8260f6/spring-boot-starter-web-3.2.2.jar:/home/jry/.gradle/caches/modules-2/files-2.1/org.springframework.boot/spring-boot-starter-jdbc/3.2.2/22ffda6938dca5f584c8b1b64e4e9096e8302c1e/spring-boot-starter-jdbc-3.2.2.jar:/home/jry/.gradle/caches/modules-2/files-2.1/org.springframework.data/spring-data-jdbc/3.2.2/72ec388bb0ab037fc2242cd220910555d5d7133d/spring-data-jdbc-3.2.2.jar:/home/jry/.gradle/caches/modules-2/files-2.1/org.springframework.boot/spring-boot-starter-aop/3.2.2/f01ecef0ce5f8d5631890a0c456a88a72323b569/spring-boot-starter-aop-3.2.2.jar:/home/jry/.gradle/caches/modules-2/files-2.1/org.hibernate.orm/hibernate-core/6.4.1.Final/3dcefddf6609e6491d37208bcc0cab1273598cbd/hibernate-core-6.4.1.Final.jar:/home/jry/.gradle/caches/modules-2/files-2.1/org.springframework.data/spring-data-jpa/3.2.2/f91a3896c2a6139ac1da1fd8ff4350ca4b0e409e/spring-data-jpa-3.2.2.jar:/home/jry/.gradle/caches/modules-2/files-2.1/org.springframework/spring-aspects/6.1.3/c8b5dde3568dc5df6109916d8ad4866efe4e61fd/spring-aspects-6.1.3.jar:/home/jry/.gradle/caches/modules-2/files-2.1/org.springframework.boot/spring-boot-starter-json/3.2.2/328f5ce9e10d5f90520e72a3ff8a2586b9e46b37/spring-boot-starter-json-3.2.2.jar:/home/jry/.gradle/caches/modules-2/files-2.1/org.springframework.boot/spring-boot-starter/3.2.2/dc04714f9295297f92fa8099eb51edc54dbe67db/spring-boot-starter-3.2.2.jar:/h
Launcher Type: SUN_STANDARD

[Global flags]
     intx CICompilerCount                          = 4                                         {product} {ergonomic}
     uint ConcGCThreads                            = 2                                         {product} {ergonomic}
     uint G1ConcRefinementThreads                  = 8                                         {product} {ergonomic}
   size_t G1HeapRegionSize                         = 1048576                                   {product} {ergonomic}
    uintx GCDrainStackTargetSize                   = 64                                        {product} {ergonomic}
   size_t InitialHeapSize                          = 125829120                                 {product} {ergonomic}
   size_t MarkStackSize                            = 4194304                                   {product} {ergonomic}
   size_t MaxHeapSize                              = 2013265920                                {product} {ergonomic}
   size_t MaxNewSize                               = 1207959552                                {product} {ergonomic}
   size_t MinHeapDeltaBytes                        = 1048576                                   {product} {ergonomic}
   size_t MinHeapSize                              = 8388608                                   {product} {ergonomic}
    uintx NonNMethodCodeHeapSize                   = 5839372                                {pd product} {ergonomic}
    uintx NonProfiledCodeHeapSize                  = 122909434                              {pd product} {ergonomic}
    uintx ProfiledCodeHeapSize                     = 122909434                              {pd product} {ergonomic}
    uintx ReservedCodeCacheSize                    = 251658240                              {pd product} {ergonomic}
     bool SegmentedCodeCache                       = true                                      {product} {ergonomic}
     bool ShowCodeDetailsInExceptionMessages       = true                                   {manageable} {command line}
   size_t SoftMaxHeapSize                          = 2013265920                             {manageable} {ergonomic}
     bool UseCompressedClassPointers               = true                           {product lp64_product} {ergonomic}
     bool UseCompressedOops                        = true                           {product lp64_product} {ergonomic}
     bool UseG1GC                                  = true                                      {product} {ergonomic}

Logging:
Log output configuration:
 #0: stdout all=warning uptime,level,tags
 #1: stderr all=off uptime,level,tags

Environment Variables:
PATH=/home/jry/.local/bin:/usr/local/sbin:/usr/local/bin:/usr/sbin:/usr/bin:/sbin:/bin:/usr/games:/usr/local/games:/snap/bin:/snap/bin
USERNAME=jry
SHELL=/bin/bash
DISPLAY=:0
LANG=en_CA.UTF-8

Active Locale:
LC_ALL=en_CA.UTF-8
LC_COLLATE=en_CA.UTF-8
LC_CTYPE=en_CA.UTF-8
LC_MESSAGES=en_CA.UTF-8
LC_MONETARY=en_CA.UTF-8
LC_NUMERIC=en_CA.UTF-8
LC_TIME=en_CA.UTF-8

Signal Handlers:
   SIGSEGV: crash_handler in libjvm.so, mask=11100100010111111101111111111110, flags=SA_RESTART|SA_SIGINFO, unblocked
    SIGBUS: crash_handler in libjvm.so, mask=11100100010111111101111111111110, flags=SA_RESTART|SA_SIGINFO, unblocked
    SIGFPE: crash_handler in libjvm.so, mask=11100100010111111101111111111110, flags=SA_RESTART|SA_SIGINFO, unblocked
   SIGPIPE: javaSignalHandler in libjvm.so, mask=11100100010111111101111111111110, flags=SA_RESTART|SA_SIGINFO, blocked
   SIGXFSZ: javaSignalHandler in libjvm.so, mask=11100100010111111101111111111110, flags=SA_RESTART|SA_SIGINFO, blocked
    SIGILL: crash_handler in libjvm.so, mask=11100100010111111101111111111110, flags=SA_RESTART|SA_SIGINFO, unblocked
   SIGUSR2: SR_handler in libjvm.so, mask=00100000000000000000000000000000, flags=SA_RESTART|SA_SIGINFO, blocked
    SIGHUP: UserHandler in libjvm.so, mask=11100100010111111101111111111110, flags=SA_RESTART|SA_SIGINFO, blocked
    SIGINT: UserHandler in libjvm.so, mask=11100100010111111101111111111110, flags=SA_RESTART|SA_SIGINFO, blocked
   SIGTERM: UserHandler in libjvm.so, mask=11100100010111111101111111111110, flags=SA_RESTART|SA_SIGINFO, blocked
   SIGQUIT: UserHandler in libjvm.so, mask=11100100010111111101111111111110, flags=SA_RESTART|SA_SIGINFO, blocked
   SIGTRAP: crash_handler in libjvm.so, mask=11100100010111111101111111111110, flags=SA_RESTART|SA_SIGINFO, unblocked


---------------  S Y S T E M  ---------------

OS:
DISTRIB_ID=Ubuntu
DISTRIB_RELEASE=22.04
DISTRIB_CODENAME=jammy
DISTRIB_DESCRIPTION="Ubuntu 22.04.3 LTS"
uname: Linux 5.15.0-94-generic #104-Ubuntu SMP Tue Jan 9 15:25:40 UTC 2024 x86_64
OS uptime: 0 days 2:19 hours
libc: glibc 2.35 NPTL 2.35 
rlimit (soft/hard): STACK 8192k/infinity , CORE 0k/infinity , NPROC 30262/30262 , NOFILE 1048576/1048576 , AS infinity/infinity , CPU infinity/infinity , DATA infinity/infinity , FSIZE infinity/infinity , MEMLOCK 983004k/983004k
load average: 4.59 2.45 2.27

/proc/meminfo:
MemTotal:        7864044 kB
MemFree:          293860 kB
MemAvailable:    1787176 kB
Buffers:           42060 kB
Cached:          2311040 kB
SwapCached:        26220 kB
Active:          1723396 kB
Inactive:        5193080 kB
Active(anon):     496740 kB
Inactive(anon):  4737816 kB
Active(file):    1226656 kB
Inactive(file):   455264 kB
Unevictable:       95848 kB
Mlocked:             188 kB
SwapTotal:       2097148 kB
SwapFree:        1735040 kB
Dirty:              5252 kB
Writeback:             4 kB
AnonPages:       4636316 kB
Mapped:           864252 kB
Shmem:            670908 kB
KReclaimable:     158548 kB
Slab:             340332 kB
SReclaimable:     158548 kB
SUnreclaim:       181784 kB
KernelStack:       25616 kB
PageTables:        70888 kB
NFS_Unstable:          0 kB
Bounce:                0 kB
WritebackTmp:          0 kB
CommitLimit:     6029168 kB
Committed_AS:   17203664 kB
VmallocTotal:   34359738367 kB
VmallocUsed:       61760 kB
VmallocChunk:          0 kB
Percpu:             8608 kB
HardwareCorrupted:     0 kB
AnonHugePages:         0 kB
ShmemHugePages:        0 kB
ShmemPmdMapped:        0 kB
FileHugePages:         0 kB
FilePmdMapped:         0 kB
HugePages_Total:       0
HugePages_Free:        0
HugePages_Rsvd:        0
HugePages_Surp:        0
Hugepagesize:       2048 kB
Hugetlb:               0 kB
DirectMap4k:      486644 kB
DirectMap2M:     6588416 kB
DirectMap1G:     1048576 kB

/sys/kernel/mm/transparent_hugepage/enabled: always [madvise] never
/sys/kernel/mm/transparent_hugepage/defrag (defrag/compaction efforts parameter): always defer defer+madvise [madvise] never

Process Memory:
Virtual Size: 5537304K (peak: 5602812K)
Resident Set Size: 189448K (peak: 189448K) (anon: 159680K, file: 29768K, shmem: 0K)
Swapped out: 0K
C-Heap outstanding allocations: 72663K, retained: 12176K
glibc malloc tunables: (default)

/proc/sys/kernel/threads-max (system-wide limit on the number of threads): 60525
/proc/sys/vm/max_map_count (maximum number of memory map areas a process may have): 65530
/proc/sys/kernel/pid_max (system-wide limit on number of process identifiers): 4194304

container (cgroup) information:
container_type: cgroupv2
cpu_cpuset_cpus: not supported
cpu_memory_nodes: not supported
active_processor_count: 8
cpu_quota: not supported
cpu_period: not supported
cpu_shares: not supported
memory_limit_in_bytes: unlimited
memory_and_swap_limit_in_bytes: unlimited
memory_soft_limit_in_bytes: unlimited
memory_usage_in_bytes: 1766404 k
memory_max_usage_in_bytes: not supported
memory_swap_current_in_bytes: 4 k
memory_swap_max_limit_in_bytes: unlimited
maximum number of tasks: 9078
current number of tasks: 230

Steal ticks since vm start: 0
Steal ticks percentage since vm start:  0.000

CPU: total 8 (initial active 8) (4 cores per cpu, 2 threads per core) family 6 model 142 stepping 10 microcode 0xf4, cx8, cmov, fxsr, ht, mmx, 3dnowpref, sse, sse2, sse3, ssse3, sse4.1, sse4.2, popcnt, lzcnt, tsc, tscinvbit, avx, avx2, aes, erms, clmul, bmi1, bmi2, adx, fma, vzeroupper, clflush, clflushopt
CPU Model and flags from /proc/cpuinfo:
model name	: Intel(R) Core(TM) i5-8350U CPU @ 1.70GHz
flags		: fpu vme de pse tsc msr pae mce cx8 apic sep mtrr pge mca cmov pat pse36 clflush dts acpi mmx fxsr sse sse2 ss ht tm pbe syscall nx pdpe1gb rdtscp lm constant_tsc art arch_perfmon pebs bts rep_good nopl xtopology nonstop_tsc cpuid aperfmperf pni pclmulqdq dtes64 monitor ds_cpl vmx smx est tm2 ssse3 sdbg fma cx16 xtpr pdcm pcid sse4_1 sse4_2 x2apic movbe popcnt tsc_deadline_timer aes xsave avx f16c rdrand lahf_lm abm 3dnowprefetch cpuid_fault epb invpcid_single pti ssbd ibrs ibpb stibp tpr_shadow vnmi flexpriority ept vpid ept_ad fsgsbase tsc_adjust sgx bmi1 avx2 smep bmi2 erms invpcid mpx rdseed adx smap clflushopt intel_pt xsaveopt xsavec xgetbv1 xsaves dtherm ida arat pln pts hwp hwp_notify hwp_act_window hwp_epp md_clear flush_l1d arch_capabilities

Online cpus: 0-7
Offline cpus: 
BIOS frequency limitation: <Not Available>
Frequency switch latency (ns): 0
Available cpu frequencies: <Not Available>
Current governor: powersave
Core performance/turbo boost: <Not Available>

Memory: 4k page, physical 7864044k(293164k free), swap 2097148k(1735040k free)
Page Sizes: 4k

vm_info: OpenJDK 64-Bit Server VM (17.0.8.1+1) for linux-amd64 JRE (17.0.8.1+1), built on Aug 24 2023 00:00:00 by "admin" with gcc 10.3.0

END.
